[2024-12-06T10:37:40.355+0000] {processor.py:186} INFO - Started process (PID=74) to work on /home/airflow/.local/lib/python3.12/site-packages/airflow/example_dags/example_sla_dag.py
[2024-12-06T10:37:40.357+0000] {processor.py:914} INFO - Processing file /home/airflow/.local/lib/python3.12/site-packages/airflow/example_dags/example_sla_dag.py for tasks to queue
[2024-12-06T10:37:40.360+0000] {logging_mixin.py:190} INFO - [2024-12-06T10:37:40.360+0000] {dagbag.py:588} INFO - Filling up the DagBag from /home/airflow/.local/lib/python3.12/site-packages/airflow/example_dags/example_sla_dag.py
[2024-12-06T10:37:40.383+0000] {processor.py:925} INFO - DAG(s) 'example_sla_dag' retrieved from /home/airflow/.local/lib/python3.12/site-packages/airflow/example_dags/example_sla_dag.py
[2024-12-06T10:37:40.425+0000] {logging_mixin.py:190} INFO - [2024-12-06T10:37:40.424+0000] {dag.py:3239} INFO - Sync 1 DAGs
[2024-12-06T10:37:40.464+0000] {logging_mixin.py:190} INFO - [2024-12-06T10:37:40.464+0000] {dag.py:4180} INFO - Setting next_dagrun for example_sla_dag to 2024-12-06 10:34:00+00:00, run_after=2024-12-06 10:36:00+00:00
[2024-12-06T10:37:40.490+0000] {processor.py:208} INFO - Processing /home/airflow/.local/lib/python3.12/site-packages/airflow/example_dags/example_sla_dag.py took 0.143 seconds
[2024-12-06T10:38:11.056+0000] {processor.py:186} INFO - Started process (PID=137) to work on /home/airflow/.local/lib/python3.12/site-packages/airflow/example_dags/example_sla_dag.py
[2024-12-06T10:38:11.057+0000] {processor.py:914} INFO - Processing file /home/airflow/.local/lib/python3.12/site-packages/airflow/example_dags/example_sla_dag.py for tasks to queue
[2024-12-06T10:38:11.060+0000] {logging_mixin.py:190} INFO - [2024-12-06T10:38:11.060+0000] {dagbag.py:588} INFO - Filling up the DagBag from /home/airflow/.local/lib/python3.12/site-packages/airflow/example_dags/example_sla_dag.py
[2024-12-06T10:38:11.074+0000] {processor.py:925} INFO - DAG(s) 'example_sla_dag' retrieved from /home/airflow/.local/lib/python3.12/site-packages/airflow/example_dags/example_sla_dag.py
[2024-12-06T10:38:11.109+0000] {logging_mixin.py:190} INFO - [2024-12-06T10:38:11.109+0000] {dag.py:3239} INFO - Sync 1 DAGs
[2024-12-06T10:38:11.143+0000] {logging_mixin.py:190} INFO - [2024-12-06T10:38:11.142+0000] {dag.py:4180} INFO - Setting next_dagrun for example_sla_dag to 2024-12-06 10:36:00+00:00, run_after=2024-12-06 10:38:00+00:00
[2024-12-06T10:38:11.168+0000] {processor.py:208} INFO - Processing /home/airflow/.local/lib/python3.12/site-packages/airflow/example_dags/example_sla_dag.py took 0.120 seconds
[2024-12-06T10:38:41.457+0000] {processor.py:186} INFO - Started process (PID=200) to work on /home/airflow/.local/lib/python3.12/site-packages/airflow/example_dags/example_sla_dag.py
[2024-12-06T10:38:41.458+0000] {processor.py:914} INFO - Processing file /home/airflow/.local/lib/python3.12/site-packages/airflow/example_dags/example_sla_dag.py for tasks to queue
[2024-12-06T10:38:41.461+0000] {logging_mixin.py:190} INFO - [2024-12-06T10:38:41.461+0000] {dagbag.py:588} INFO - Filling up the DagBag from /home/airflow/.local/lib/python3.12/site-packages/airflow/example_dags/example_sla_dag.py
[2024-12-06T10:38:41.477+0000] {processor.py:925} INFO - DAG(s) 'example_sla_dag' retrieved from /home/airflow/.local/lib/python3.12/site-packages/airflow/example_dags/example_sla_dag.py
[2024-12-06T10:38:41.509+0000] {logging_mixin.py:190} INFO - [2024-12-06T10:38:41.509+0000] {dag.py:3239} INFO - Sync 1 DAGs
[2024-12-06T10:38:41.550+0000] {logging_mixin.py:190} INFO - [2024-12-06T10:38:41.550+0000] {dag.py:4180} INFO - Setting next_dagrun for example_sla_dag to 2024-12-06 10:36:00+00:00, run_after=2024-12-06 10:38:00+00:00
[2024-12-06T10:38:41.578+0000] {processor.py:208} INFO - Processing /home/airflow/.local/lib/python3.12/site-packages/airflow/example_dags/example_sla_dag.py took 0.128 seconds
[2024-12-06T10:39:11.811+0000] {processor.py:186} INFO - Started process (PID=263) to work on /home/airflow/.local/lib/python3.12/site-packages/airflow/example_dags/example_sla_dag.py
[2024-12-06T10:39:11.813+0000] {processor.py:914} INFO - Processing file /home/airflow/.local/lib/python3.12/site-packages/airflow/example_dags/example_sla_dag.py for tasks to queue
[2024-12-06T10:39:11.817+0000] {logging_mixin.py:190} INFO - [2024-12-06T10:39:11.816+0000] {dagbag.py:588} INFO - Filling up the DagBag from /home/airflow/.local/lib/python3.12/site-packages/airflow/example_dags/example_sla_dag.py
[2024-12-06T10:39:11.829+0000] {processor.py:925} INFO - DAG(s) 'example_sla_dag' retrieved from /home/airflow/.local/lib/python3.12/site-packages/airflow/example_dags/example_sla_dag.py
[2024-12-06T10:39:11.855+0000] {logging_mixin.py:190} INFO - [2024-12-06T10:39:11.855+0000] {dag.py:3239} INFO - Sync 1 DAGs
[2024-12-06T10:39:11.892+0000] {logging_mixin.py:190} INFO - [2024-12-06T10:39:11.892+0000] {dag.py:4180} INFO - Setting next_dagrun for example_sla_dag to 2024-12-06 10:36:00+00:00, run_after=2024-12-06 10:38:00+00:00
[2024-12-06T10:39:11.926+0000] {processor.py:208} INFO - Processing /home/airflow/.local/lib/python3.12/site-packages/airflow/example_dags/example_sla_dag.py took 0.122 seconds
[2024-12-06T10:39:42.477+0000] {processor.py:186} INFO - Started process (PID=327) to work on /home/airflow/.local/lib/python3.12/site-packages/airflow/example_dags/example_sla_dag.py
[2024-12-06T10:39:42.479+0000] {processor.py:914} INFO - Processing file /home/airflow/.local/lib/python3.12/site-packages/airflow/example_dags/example_sla_dag.py for tasks to queue
[2024-12-06T10:39:42.484+0000] {logging_mixin.py:190} INFO - [2024-12-06T10:39:42.484+0000] {dagbag.py:588} INFO - Filling up the DagBag from /home/airflow/.local/lib/python3.12/site-packages/airflow/example_dags/example_sla_dag.py
[2024-12-06T10:39:42.510+0000] {processor.py:925} INFO - DAG(s) 'example_sla_dag' retrieved from /home/airflow/.local/lib/python3.12/site-packages/airflow/example_dags/example_sla_dag.py
[2024-12-06T10:39:42.549+0000] {logging_mixin.py:190} INFO - [2024-12-06T10:39:42.549+0000] {dag.py:3239} INFO - Sync 1 DAGs
[2024-12-06T10:39:42.600+0000] {logging_mixin.py:190} INFO - [2024-12-06T10:39:42.600+0000] {dag.py:4180} INFO - Setting next_dagrun for example_sla_dag to 2024-12-06 10:36:00+00:00, run_after=2024-12-06 10:38:00+00:00
[2024-12-06T10:39:42.639+0000] {processor.py:208} INFO - Processing /home/airflow/.local/lib/python3.12/site-packages/airflow/example_dags/example_sla_dag.py took 0.172 seconds
