[2024-12-06T10:37:40.129+0000] {processor.py:186} INFO - Started process (PID=73) to work on /home/airflow/.local/lib/python3.12/site-packages/airflow/example_dags/example_nested_branch_dag.py
[2024-12-06T10:37:40.130+0000] {processor.py:914} INFO - Processing file /home/airflow/.local/lib/python3.12/site-packages/airflow/example_dags/example_nested_branch_dag.py for tasks to queue
[2024-12-06T10:37:40.134+0000] {logging_mixin.py:190} INFO - [2024-12-06T10:37:40.133+0000] {dagbag.py:588} INFO - Filling up the DagBag from /home/airflow/.local/lib/python3.12/site-packages/airflow/example_dags/example_nested_branch_dag.py
[2024-12-06T10:37:40.159+0000] {processor.py:925} INFO - DAG(s) 'example_nested_branch_dag' retrieved from /home/airflow/.local/lib/python3.12/site-packages/airflow/example_dags/example_nested_branch_dag.py
[2024-12-06T10:37:40.199+0000] {logging_mixin.py:190} INFO - [2024-12-06T10:37:40.199+0000] {dag.py:3239} INFO - Sync 1 DAGs
[2024-12-06T10:37:40.239+0000] {logging_mixin.py:190} INFO - [2024-12-06T10:37:40.239+0000] {dag.py:4180} INFO - Setting next_dagrun for example_nested_branch_dag to 2024-12-05 00:00:00+00:00, run_after=2024-12-06 00:00:00+00:00
[2024-12-06T10:37:40.283+0000] {processor.py:208} INFO - Processing /home/airflow/.local/lib/python3.12/site-packages/airflow/example_dags/example_nested_branch_dag.py took 0.162 seconds
[2024-12-06T10:38:10.805+0000] {processor.py:186} INFO - Started process (PID=136) to work on /home/airflow/.local/lib/python3.12/site-packages/airflow/example_dags/example_nested_branch_dag.py
[2024-12-06T10:38:10.808+0000] {processor.py:914} INFO - Processing file /home/airflow/.local/lib/python3.12/site-packages/airflow/example_dags/example_nested_branch_dag.py for tasks to queue
[2024-12-06T10:38:10.815+0000] {logging_mixin.py:190} INFO - [2024-12-06T10:38:10.814+0000] {dagbag.py:588} INFO - Filling up the DagBag from /home/airflow/.local/lib/python3.12/site-packages/airflow/example_dags/example_nested_branch_dag.py
[2024-12-06T10:38:10.846+0000] {processor.py:925} INFO - DAG(s) 'example_nested_branch_dag' retrieved from /home/airflow/.local/lib/python3.12/site-packages/airflow/example_dags/example_nested_branch_dag.py
[2024-12-06T10:38:10.893+0000] {logging_mixin.py:190} INFO - [2024-12-06T10:38:10.892+0000] {dag.py:3239} INFO - Sync 1 DAGs
[2024-12-06T10:38:10.934+0000] {logging_mixin.py:190} INFO - [2024-12-06T10:38:10.934+0000] {dag.py:4180} INFO - Setting next_dagrun for example_nested_branch_dag to 2024-12-05 00:00:00+00:00, run_after=2024-12-06 00:00:00+00:00
[2024-12-06T10:38:10.971+0000] {processor.py:208} INFO - Processing /home/airflow/.local/lib/python3.12/site-packages/airflow/example_dags/example_nested_branch_dag.py took 0.187 seconds
[2024-12-06T10:38:41.256+0000] {processor.py:186} INFO - Started process (PID=199) to work on /home/airflow/.local/lib/python3.12/site-packages/airflow/example_dags/example_nested_branch_dag.py
[2024-12-06T10:38:41.258+0000] {processor.py:914} INFO - Processing file /home/airflow/.local/lib/python3.12/site-packages/airflow/example_dags/example_nested_branch_dag.py for tasks to queue
[2024-12-06T10:38:41.261+0000] {logging_mixin.py:190} INFO - [2024-12-06T10:38:41.260+0000] {dagbag.py:588} INFO - Filling up the DagBag from /home/airflow/.local/lib/python3.12/site-packages/airflow/example_dags/example_nested_branch_dag.py
[2024-12-06T10:38:41.276+0000] {processor.py:925} INFO - DAG(s) 'example_nested_branch_dag' retrieved from /home/airflow/.local/lib/python3.12/site-packages/airflow/example_dags/example_nested_branch_dag.py
[2024-12-06T10:38:41.326+0000] {logging_mixin.py:190} INFO - [2024-12-06T10:38:41.326+0000] {dag.py:3239} INFO - Sync 1 DAGs
[2024-12-06T10:38:41.364+0000] {logging_mixin.py:190} INFO - [2024-12-06T10:38:41.364+0000] {dag.py:4180} INFO - Setting next_dagrun for example_nested_branch_dag to 2024-12-05 00:00:00+00:00, run_after=2024-12-06 00:00:00+00:00
[2024-12-06T10:38:41.403+0000] {processor.py:208} INFO - Processing /home/airflow/.local/lib/python3.12/site-packages/airflow/example_dags/example_nested_branch_dag.py took 0.155 seconds
[2024-12-06T10:39:11.604+0000] {processor.py:186} INFO - Started process (PID=262) to work on /home/airflow/.local/lib/python3.12/site-packages/airflow/example_dags/example_nested_branch_dag.py
[2024-12-06T10:39:11.606+0000] {processor.py:914} INFO - Processing file /home/airflow/.local/lib/python3.12/site-packages/airflow/example_dags/example_nested_branch_dag.py for tasks to queue
[2024-12-06T10:39:11.609+0000] {logging_mixin.py:190} INFO - [2024-12-06T10:39:11.609+0000] {dagbag.py:588} INFO - Filling up the DagBag from /home/airflow/.local/lib/python3.12/site-packages/airflow/example_dags/example_nested_branch_dag.py
[2024-12-06T10:39:11.629+0000] {processor.py:925} INFO - DAG(s) 'example_nested_branch_dag' retrieved from /home/airflow/.local/lib/python3.12/site-packages/airflow/example_dags/example_nested_branch_dag.py
[2024-12-06T10:39:11.666+0000] {logging_mixin.py:190} INFO - [2024-12-06T10:39:11.666+0000] {dag.py:3239} INFO - Sync 1 DAGs
[2024-12-06T10:39:11.696+0000] {logging_mixin.py:190} INFO - [2024-12-06T10:39:11.696+0000] {dag.py:4180} INFO - Setting next_dagrun for example_nested_branch_dag to 2024-12-05 00:00:00+00:00, run_after=2024-12-06 00:00:00+00:00
[2024-12-06T10:39:11.743+0000] {processor.py:208} INFO - Processing /home/airflow/.local/lib/python3.12/site-packages/airflow/example_dags/example_nested_branch_dag.py took 0.147 seconds
[2024-12-06T10:39:42.245+0000] {processor.py:186} INFO - Started process (PID=326) to work on /home/airflow/.local/lib/python3.12/site-packages/airflow/example_dags/example_nested_branch_dag.py
[2024-12-06T10:39:42.246+0000] {processor.py:914} INFO - Processing file /home/airflow/.local/lib/python3.12/site-packages/airflow/example_dags/example_nested_branch_dag.py for tasks to queue
[2024-12-06T10:39:42.250+0000] {logging_mixin.py:190} INFO - [2024-12-06T10:39:42.250+0000] {dagbag.py:588} INFO - Filling up the DagBag from /home/airflow/.local/lib/python3.12/site-packages/airflow/example_dags/example_nested_branch_dag.py
[2024-12-06T10:39:42.267+0000] {processor.py:925} INFO - DAG(s) 'example_nested_branch_dag' retrieved from /home/airflow/.local/lib/python3.12/site-packages/airflow/example_dags/example_nested_branch_dag.py
[2024-12-06T10:39:42.321+0000] {logging_mixin.py:190} INFO - [2024-12-06T10:39:42.320+0000] {dag.py:3239} INFO - Sync 1 DAGs
[2024-12-06T10:39:42.379+0000] {logging_mixin.py:190} INFO - [2024-12-06T10:39:42.379+0000] {dag.py:4180} INFO - Setting next_dagrun for example_nested_branch_dag to 2024-12-05 00:00:00+00:00, run_after=2024-12-06 00:00:00+00:00
[2024-12-06T10:39:42.413+0000] {processor.py:208} INFO - Processing /home/airflow/.local/lib/python3.12/site-packages/airflow/example_dags/example_nested_branch_dag.py took 0.180 seconds
