[2024-12-06T10:37:42.439+0000] {processor.py:186} INFO - Started process (PID=85) to work on /home/airflow/.local/lib/python3.12/site-packages/airflow/example_dags/example_sensor_decorator.py
[2024-12-06T10:37:42.441+0000] {processor.py:914} INFO - Processing file /home/airflow/.local/lib/python3.12/site-packages/airflow/example_dags/example_sensor_decorator.py for tasks to queue
[2024-12-06T10:37:42.445+0000] {logging_mixin.py:190} INFO - [2024-12-06T10:37:42.444+0000] {dagbag.py:588} INFO - Filling up the DagBag from /home/airflow/.local/lib/python3.12/site-packages/airflow/example_dags/example_sensor_decorator.py
[2024-12-06T10:37:42.457+0000] {processor.py:925} INFO - DAG(s) 'example_sensor_decorator' retrieved from /home/airflow/.local/lib/python3.12/site-packages/airflow/example_dags/example_sensor_decorator.py
[2024-12-06T10:37:42.487+0000] {logging_mixin.py:190} INFO - [2024-12-06T10:37:42.486+0000] {dag.py:3239} INFO - Sync 1 DAGs
[2024-12-06T10:37:42.513+0000] {logging_mixin.py:190} INFO - [2024-12-06T10:37:42.512+0000] {dag.py:4180} INFO - Setting next_dagrun for example_sensor_decorator to None, run_after=None
[2024-12-06T10:37:42.548+0000] {processor.py:208} INFO - Processing /home/airflow/.local/lib/python3.12/site-packages/airflow/example_dags/example_sensor_decorator.py took 0.119 seconds
[2024-12-06T10:38:13.265+0000] {processor.py:186} INFO - Started process (PID=147) to work on /home/airflow/.local/lib/python3.12/site-packages/airflow/example_dags/example_sensor_decorator.py
[2024-12-06T10:38:13.266+0000] {processor.py:914} INFO - Processing file /home/airflow/.local/lib/python3.12/site-packages/airflow/example_dags/example_sensor_decorator.py for tasks to queue
[2024-12-06T10:38:13.270+0000] {logging_mixin.py:190} INFO - [2024-12-06T10:38:13.270+0000] {dagbag.py:588} INFO - Filling up the DagBag from /home/airflow/.local/lib/python3.12/site-packages/airflow/example_dags/example_sensor_decorator.py
[2024-12-06T10:38:13.280+0000] {processor.py:925} INFO - DAG(s) 'example_sensor_decorator' retrieved from /home/airflow/.local/lib/python3.12/site-packages/airflow/example_dags/example_sensor_decorator.py
[2024-12-06T10:38:13.308+0000] {logging_mixin.py:190} INFO - [2024-12-06T10:38:13.307+0000] {dag.py:3239} INFO - Sync 1 DAGs
[2024-12-06T10:38:13.327+0000] {logging_mixin.py:190} INFO - [2024-12-06T10:38:13.327+0000] {dag.py:4180} INFO - Setting next_dagrun for example_sensor_decorator to None, run_after=None
[2024-12-06T10:38:13.354+0000] {processor.py:208} INFO - Processing /home/airflow/.local/lib/python3.12/site-packages/airflow/example_dags/example_sensor_decorator.py took 0.097 seconds
[2024-12-06T10:38:44.261+0000] {processor.py:186} INFO - Started process (PID=210) to work on /home/airflow/.local/lib/python3.12/site-packages/airflow/example_dags/example_sensor_decorator.py
[2024-12-06T10:38:44.264+0000] {processor.py:914} INFO - Processing file /home/airflow/.local/lib/python3.12/site-packages/airflow/example_dags/example_sensor_decorator.py for tasks to queue
[2024-12-06T10:38:44.269+0000] {logging_mixin.py:190} INFO - [2024-12-06T10:38:44.269+0000] {dagbag.py:588} INFO - Filling up the DagBag from /home/airflow/.local/lib/python3.12/site-packages/airflow/example_dags/example_sensor_decorator.py
[2024-12-06T10:38:44.287+0000] {processor.py:925} INFO - DAG(s) 'example_sensor_decorator' retrieved from /home/airflow/.local/lib/python3.12/site-packages/airflow/example_dags/example_sensor_decorator.py
[2024-12-06T10:38:44.330+0000] {logging_mixin.py:190} INFO - [2024-12-06T10:38:44.329+0000] {dag.py:3239} INFO - Sync 1 DAGs
[2024-12-06T10:38:44.364+0000] {logging_mixin.py:190} INFO - [2024-12-06T10:38:44.364+0000] {dag.py:4180} INFO - Setting next_dagrun for example_sensor_decorator to None, run_after=None
[2024-12-06T10:38:44.408+0000] {processor.py:208} INFO - Processing /home/airflow/.local/lib/python3.12/site-packages/airflow/example_dags/example_sensor_decorator.py took 0.160 seconds
[2024-12-06T10:39:14.573+0000] {processor.py:186} INFO - Started process (PID=273) to work on /home/airflow/.local/lib/python3.12/site-packages/airflow/example_dags/example_sensor_decorator.py
[2024-12-06T10:39:14.574+0000] {processor.py:914} INFO - Processing file /home/airflow/.local/lib/python3.12/site-packages/airflow/example_dags/example_sensor_decorator.py for tasks to queue
[2024-12-06T10:39:14.578+0000] {logging_mixin.py:190} INFO - [2024-12-06T10:39:14.578+0000] {dagbag.py:588} INFO - Filling up the DagBag from /home/airflow/.local/lib/python3.12/site-packages/airflow/example_dags/example_sensor_decorator.py
[2024-12-06T10:39:14.589+0000] {processor.py:925} INFO - DAG(s) 'example_sensor_decorator' retrieved from /home/airflow/.local/lib/python3.12/site-packages/airflow/example_dags/example_sensor_decorator.py
[2024-12-06T10:39:14.634+0000] {logging_mixin.py:190} INFO - [2024-12-06T10:39:14.634+0000] {dag.py:3239} INFO - Sync 1 DAGs
[2024-12-06T10:39:14.666+0000] {logging_mixin.py:190} INFO - [2024-12-06T10:39:14.666+0000] {dag.py:4180} INFO - Setting next_dagrun for example_sensor_decorator to None, run_after=None
[2024-12-06T10:39:14.700+0000] {processor.py:208} INFO - Processing /home/airflow/.local/lib/python3.12/site-packages/airflow/example_dags/example_sensor_decorator.py took 0.135 seconds
[2024-12-06T10:39:45.393+0000] {processor.py:186} INFO - Started process (PID=337) to work on /home/airflow/.local/lib/python3.12/site-packages/airflow/example_dags/example_sensor_decorator.py
[2024-12-06T10:39:45.395+0000] {processor.py:914} INFO - Processing file /home/airflow/.local/lib/python3.12/site-packages/airflow/example_dags/example_sensor_decorator.py for tasks to queue
[2024-12-06T10:39:45.399+0000] {logging_mixin.py:190} INFO - [2024-12-06T10:39:45.399+0000] {dagbag.py:588} INFO - Filling up the DagBag from /home/airflow/.local/lib/python3.12/site-packages/airflow/example_dags/example_sensor_decorator.py
[2024-12-06T10:39:45.414+0000] {processor.py:925} INFO - DAG(s) 'example_sensor_decorator' retrieved from /home/airflow/.local/lib/python3.12/site-packages/airflow/example_dags/example_sensor_decorator.py
[2024-12-06T10:39:45.449+0000] {logging_mixin.py:190} INFO - [2024-12-06T10:39:45.449+0000] {dag.py:3239} INFO - Sync 1 DAGs
[2024-12-06T10:39:45.471+0000] {logging_mixin.py:190} INFO - [2024-12-06T10:39:45.471+0000] {dag.py:4180} INFO - Setting next_dagrun for example_sensor_decorator to None, run_after=None
[2024-12-06T10:39:45.510+0000] {processor.py:208} INFO - Processing /home/airflow/.local/lib/python3.12/site-packages/airflow/example_dags/example_sensor_decorator.py took 0.131 seconds
