[2024-12-06T10:37:50.822+0000] {processor.py:186} INFO - Started process (PID=116) to work on /home/airflow/.local/lib/python3.12/site-packages/airflow/example_dags/example_display_name.py
[2024-12-06T10:37:50.824+0000] {processor.py:914} INFO - Processing file /home/airflow/.local/lib/python3.12/site-packages/airflow/example_dags/example_display_name.py for tasks to queue
[2024-12-06T10:37:50.828+0000] {logging_mixin.py:190} INFO - [2024-12-06T10:37:50.827+0000] {dagbag.py:588} INFO - Filling up the DagBag from /home/airflow/.local/lib/python3.12/site-packages/airflow/example_dags/example_display_name.py
[2024-12-06T10:37:50.842+0000] {processor.py:925} INFO - DAG(s) 'example_display_name' retrieved from /home/airflow/.local/lib/python3.12/site-packages/airflow/example_dags/example_display_name.py
[2024-12-06T10:37:50.888+0000] {logging_mixin.py:190} INFO - [2024-12-06T10:37:50.888+0000] {dag.py:3239} INFO - Sync 1 DAGs
[2024-12-06T10:37:50.913+0000] {logging_mixin.py:190} INFO - [2024-12-06T10:37:50.913+0000] {dag.py:4180} INFO - Setting next_dagrun for example_display_name to None, run_after=None
[2024-12-06T10:37:50.951+0000] {processor.py:208} INFO - Processing /home/airflow/.local/lib/python3.12/site-packages/airflow/example_dags/example_display_name.py took 0.143 seconds
[2024-12-06T10:38:21.914+0000] {processor.py:186} INFO - Started process (PID=179) to work on /home/airflow/.local/lib/python3.12/site-packages/airflow/example_dags/example_display_name.py
[2024-12-06T10:38:21.915+0000] {processor.py:914} INFO - Processing file /home/airflow/.local/lib/python3.12/site-packages/airflow/example_dags/example_display_name.py for tasks to queue
[2024-12-06T10:38:21.918+0000] {logging_mixin.py:190} INFO - [2024-12-06T10:38:21.918+0000] {dagbag.py:588} INFO - Filling up the DagBag from /home/airflow/.local/lib/python3.12/site-packages/airflow/example_dags/example_display_name.py
[2024-12-06T10:38:21.928+0000] {processor.py:925} INFO - DAG(s) 'example_display_name' retrieved from /home/airflow/.local/lib/python3.12/site-packages/airflow/example_dags/example_display_name.py
[2024-12-06T10:38:21.952+0000] {logging_mixin.py:190} INFO - [2024-12-06T10:38:21.952+0000] {dag.py:3239} INFO - Sync 1 DAGs
[2024-12-06T10:38:21.971+0000] {logging_mixin.py:190} INFO - [2024-12-06T10:38:21.971+0000] {dag.py:4180} INFO - Setting next_dagrun for example_display_name to None, run_after=None
[2024-12-06T10:38:22.000+0000] {processor.py:208} INFO - Processing /home/airflow/.local/lib/python3.12/site-packages/airflow/example_dags/example_display_name.py took 0.094 seconds
[2024-12-06T10:38:52.421+0000] {processor.py:186} INFO - Started process (PID=242) to work on /home/airflow/.local/lib/python3.12/site-packages/airflow/example_dags/example_display_name.py
[2024-12-06T10:38:52.423+0000] {processor.py:914} INFO - Processing file /home/airflow/.local/lib/python3.12/site-packages/airflow/example_dags/example_display_name.py for tasks to queue
[2024-12-06T10:38:52.426+0000] {logging_mixin.py:190} INFO - [2024-12-06T10:38:52.426+0000] {dagbag.py:588} INFO - Filling up the DagBag from /home/airflow/.local/lib/python3.12/site-packages/airflow/example_dags/example_display_name.py
[2024-12-06T10:38:52.443+0000] {processor.py:925} INFO - DAG(s) 'example_display_name' retrieved from /home/airflow/.local/lib/python3.12/site-packages/airflow/example_dags/example_display_name.py
[2024-12-06T10:38:52.490+0000] {logging_mixin.py:190} INFO - [2024-12-06T10:38:52.489+0000] {dag.py:3239} INFO - Sync 1 DAGs
[2024-12-06T10:38:52.516+0000] {logging_mixin.py:190} INFO - [2024-12-06T10:38:52.515+0000] {dag.py:4180} INFO - Setting next_dagrun for example_display_name to None, run_after=None
[2024-12-06T10:38:52.579+0000] {processor.py:208} INFO - Processing /home/airflow/.local/lib/python3.12/site-packages/airflow/example_dags/example_display_name.py took 0.171 seconds
[2024-12-06T10:39:23.272+0000] {processor.py:186} INFO - Started process (PID=304) to work on /home/airflow/.local/lib/python3.12/site-packages/airflow/example_dags/example_display_name.py
[2024-12-06T10:39:23.273+0000] {processor.py:914} INFO - Processing file /home/airflow/.local/lib/python3.12/site-packages/airflow/example_dags/example_display_name.py for tasks to queue
[2024-12-06T10:39:23.277+0000] {logging_mixin.py:190} INFO - [2024-12-06T10:39:23.277+0000] {dagbag.py:588} INFO - Filling up the DagBag from /home/airflow/.local/lib/python3.12/site-packages/airflow/example_dags/example_display_name.py
[2024-12-06T10:39:23.288+0000] {processor.py:925} INFO - DAG(s) 'example_display_name' retrieved from /home/airflow/.local/lib/python3.12/site-packages/airflow/example_dags/example_display_name.py
[2024-12-06T10:39:23.312+0000] {logging_mixin.py:190} INFO - [2024-12-06T10:39:23.312+0000] {dag.py:3239} INFO - Sync 1 DAGs
[2024-12-06T10:39:23.330+0000] {logging_mixin.py:190} INFO - [2024-12-06T10:39:23.330+0000] {dag.py:4180} INFO - Setting next_dagrun for example_display_name to None, run_after=None
[2024-12-06T10:39:23.364+0000] {processor.py:208} INFO - Processing /home/airflow/.local/lib/python3.12/site-packages/airflow/example_dags/example_display_name.py took 0.105 seconds
[2024-12-06T10:39:54.399+0000] {processor.py:186} INFO - Started process (PID=368) to work on /home/airflow/.local/lib/python3.12/site-packages/airflow/example_dags/example_display_name.py
[2024-12-06T10:39:54.401+0000] {processor.py:914} INFO - Processing file /home/airflow/.local/lib/python3.12/site-packages/airflow/example_dags/example_display_name.py for tasks to queue
[2024-12-06T10:39:54.405+0000] {logging_mixin.py:190} INFO - [2024-12-06T10:39:54.404+0000] {dagbag.py:588} INFO - Filling up the DagBag from /home/airflow/.local/lib/python3.12/site-packages/airflow/example_dags/example_display_name.py
[2024-12-06T10:39:54.417+0000] {processor.py:925} INFO - DAG(s) 'example_display_name' retrieved from /home/airflow/.local/lib/python3.12/site-packages/airflow/example_dags/example_display_name.py
[2024-12-06T10:39:54.447+0000] {logging_mixin.py:190} INFO - [2024-12-06T10:39:54.446+0000] {dag.py:3239} INFO - Sync 1 DAGs
[2024-12-06T10:39:54.468+0000] {logging_mixin.py:190} INFO - [2024-12-06T10:39:54.468+0000] {dag.py:4180} INFO - Setting next_dagrun for example_display_name to None, run_after=None
[2024-12-06T10:39:54.500+0000] {processor.py:208} INFO - Processing /home/airflow/.local/lib/python3.12/site-packages/airflow/example_dags/example_display_name.py took 0.110 seconds
