[2024-12-06T10:37:42.110+0000] {processor.py:186} INFO - Started process (PID=84) to work on /home/airflow/.local/lib/python3.12/site-packages/airflow/example_dags/example_python_operator.py
[2024-12-06T10:37:42.111+0000] {processor.py:914} INFO - Processing file /home/airflow/.local/lib/python3.12/site-packages/airflow/example_dags/example_python_operator.py for tasks to queue
[2024-12-06T10:37:42.116+0000] {logging_mixin.py:190} INFO - [2024-12-06T10:37:42.116+0000] {dagbag.py:588} INFO - Filling up the DagBag from /home/airflow/.local/lib/python3.12/site-packages/airflow/example_dags/example_python_operator.py
[2024-12-06T10:37:42.142+0000] {processor.py:925} INFO - DAG(s) 'example_python_operator' retrieved from /home/airflow/.local/lib/python3.12/site-packages/airflow/example_dags/example_python_operator.py
[2024-12-06T10:37:42.329+0000] {logging_mixin.py:190} INFO - [2024-12-06T10:37:42.329+0000] {dag.py:3239} INFO - Sync 1 DAGs
[2024-12-06T10:37:42.353+0000] {logging_mixin.py:190} INFO - [2024-12-06T10:37:42.353+0000] {dag.py:4180} INFO - Setting next_dagrun for example_python_operator to None, run_after=None
[2024-12-06T10:37:42.387+0000] {processor.py:208} INFO - Processing /home/airflow/.local/lib/python3.12/site-packages/airflow/example_dags/example_python_operator.py took 0.288 seconds
[2024-12-06T10:38:13.265+0000] {processor.py:186} INFO - Started process (PID=146) to work on /home/airflow/.local/lib/python3.12/site-packages/airflow/example_dags/example_python_operator.py
[2024-12-06T10:38:13.266+0000] {processor.py:914} INFO - Processing file /home/airflow/.local/lib/python3.12/site-packages/airflow/example_dags/example_python_operator.py for tasks to queue
[2024-12-06T10:38:13.271+0000] {logging_mixin.py:190} INFO - [2024-12-06T10:38:13.271+0000] {dagbag.py:588} INFO - Filling up the DagBag from /home/airflow/.local/lib/python3.12/site-packages/airflow/example_dags/example_python_operator.py
[2024-12-06T10:38:13.287+0000] {processor.py:925} INFO - DAG(s) 'example_python_operator' retrieved from /home/airflow/.local/lib/python3.12/site-packages/airflow/example_dags/example_python_operator.py
[2024-12-06T10:38:13.319+0000] {logging_mixin.py:190} INFO - [2024-12-06T10:38:13.319+0000] {dag.py:3239} INFO - Sync 1 DAGs
[2024-12-06T10:38:13.340+0000] {logging_mixin.py:190} INFO - [2024-12-06T10:38:13.339+0000] {dag.py:4180} INFO - Setting next_dagrun for example_python_operator to None, run_after=None
[2024-12-06T10:38:13.367+0000] {processor.py:208} INFO - Processing /home/airflow/.local/lib/python3.12/site-packages/airflow/example_dags/example_python_operator.py took 0.110 seconds
[2024-12-06T10:38:44.261+0000] {processor.py:186} INFO - Started process (PID=209) to work on /home/airflow/.local/lib/python3.12/site-packages/airflow/example_dags/example_python_operator.py
[2024-12-06T10:38:44.264+0000] {processor.py:914} INFO - Processing file /home/airflow/.local/lib/python3.12/site-packages/airflow/example_dags/example_python_operator.py for tasks to queue
[2024-12-06T10:38:44.269+0000] {logging_mixin.py:190} INFO - [2024-12-06T10:38:44.269+0000] {dagbag.py:588} INFO - Filling up the DagBag from /home/airflow/.local/lib/python3.12/site-packages/airflow/example_dags/example_python_operator.py
[2024-12-06T10:38:44.297+0000] {processor.py:925} INFO - DAG(s) 'example_python_operator' retrieved from /home/airflow/.local/lib/python3.12/site-packages/airflow/example_dags/example_python_operator.py
[2024-12-06T10:38:44.349+0000] {logging_mixin.py:190} INFO - [2024-12-06T10:38:44.349+0000] {dag.py:3239} INFO - Sync 1 DAGs
[2024-12-06T10:38:44.382+0000] {logging_mixin.py:190} INFO - [2024-12-06T10:38:44.382+0000] {dag.py:4180} INFO - Setting next_dagrun for example_python_operator to None, run_after=None
[2024-12-06T10:38:44.429+0000] {processor.py:208} INFO - Processing /home/airflow/.local/lib/python3.12/site-packages/airflow/example_dags/example_python_operator.py took 0.182 seconds
[2024-12-06T10:39:14.573+0000] {processor.py:186} INFO - Started process (PID=272) to work on /home/airflow/.local/lib/python3.12/site-packages/airflow/example_dags/example_python_operator.py
[2024-12-06T10:39:14.574+0000] {processor.py:914} INFO - Processing file /home/airflow/.local/lib/python3.12/site-packages/airflow/example_dags/example_python_operator.py for tasks to queue
[2024-12-06T10:39:14.578+0000] {logging_mixin.py:190} INFO - [2024-12-06T10:39:14.578+0000] {dagbag.py:588} INFO - Filling up the DagBag from /home/airflow/.local/lib/python3.12/site-packages/airflow/example_dags/example_python_operator.py
[2024-12-06T10:39:14.600+0000] {processor.py:925} INFO - DAG(s) 'example_python_operator' retrieved from /home/airflow/.local/lib/python3.12/site-packages/airflow/example_dags/example_python_operator.py
[2024-12-06T10:39:14.634+0000] {logging_mixin.py:190} INFO - [2024-12-06T10:39:14.633+0000] {dag.py:3239} INFO - Sync 1 DAGs
[2024-12-06T10:39:14.665+0000] {logging_mixin.py:190} INFO - [2024-12-06T10:39:14.665+0000] {dag.py:4180} INFO - Setting next_dagrun for example_python_operator to None, run_after=None
[2024-12-06T10:39:14.696+0000] {processor.py:208} INFO - Processing /home/airflow/.local/lib/python3.12/site-packages/airflow/example_dags/example_python_operator.py took 0.131 seconds
[2024-12-06T10:39:45.392+0000] {processor.py:186} INFO - Started process (PID=336) to work on /home/airflow/.local/lib/python3.12/site-packages/airflow/example_dags/example_python_operator.py
[2024-12-06T10:39:45.395+0000] {processor.py:914} INFO - Processing file /home/airflow/.local/lib/python3.12/site-packages/airflow/example_dags/example_python_operator.py for tasks to queue
[2024-12-06T10:39:45.399+0000] {logging_mixin.py:190} INFO - [2024-12-06T10:39:45.399+0000] {dagbag.py:588} INFO - Filling up the DagBag from /home/airflow/.local/lib/python3.12/site-packages/airflow/example_dags/example_python_operator.py
[2024-12-06T10:39:45.423+0000] {processor.py:925} INFO - DAG(s) 'example_python_operator' retrieved from /home/airflow/.local/lib/python3.12/site-packages/airflow/example_dags/example_python_operator.py
[2024-12-06T10:39:45.461+0000] {logging_mixin.py:190} INFO - [2024-12-06T10:39:45.461+0000] {dag.py:3239} INFO - Sync 1 DAGs
[2024-12-06T10:39:45.484+0000] {logging_mixin.py:190} INFO - [2024-12-06T10:39:45.484+0000] {dag.py:4180} INFO - Setting next_dagrun for example_python_operator to None, run_after=None
[2024-12-06T10:39:45.517+0000] {processor.py:208} INFO - Processing /home/airflow/.local/lib/python3.12/site-packages/airflow/example_dags/example_python_operator.py took 0.139 seconds
