[2024-12-06T10:37:49.381+0000] {processor.py:186} INFO - Started process (PID=111) to work on /home/airflow/.local/lib/python3.12/site-packages/airflow/example_dags/example_branch_labels.py
[2024-12-06T10:37:49.385+0000] {processor.py:914} INFO - Processing file /home/airflow/.local/lib/python3.12/site-packages/airflow/example_dags/example_branch_labels.py for tasks to queue
[2024-12-06T10:37:49.393+0000] {logging_mixin.py:190} INFO - [2024-12-06T10:37:49.392+0000] {dagbag.py:588} INFO - Filling up the DagBag from /home/airflow/.local/lib/python3.12/site-packages/airflow/example_dags/example_branch_labels.py
[2024-12-06T10:37:49.444+0000] {processor.py:925} INFO - DAG(s) 'example_branch_labels' retrieved from /home/airflow/.local/lib/python3.12/site-packages/airflow/example_dags/example_branch_labels.py
[2024-12-06T10:37:49.495+0000] {logging_mixin.py:190} INFO - [2024-12-06T10:37:49.495+0000] {dag.py:3239} INFO - Sync 1 DAGs
[2024-12-06T10:37:49.568+0000] {logging_mixin.py:190} INFO - [2024-12-06T10:37:49.567+0000] {dag.py:4180} INFO - Setting next_dagrun for example_branch_labels to 2024-12-05 00:00:00+00:00, run_after=2024-12-06 00:00:00+00:00
[2024-12-06T10:37:49.617+0000] {processor.py:208} INFO - Processing /home/airflow/.local/lib/python3.12/site-packages/airflow/example_dags/example_branch_labels.py took 0.254 seconds
[2024-12-06T10:38:19.875+0000] {processor.py:186} INFO - Started process (PID=173) to work on /home/airflow/.local/lib/python3.12/site-packages/airflow/example_dags/example_branch_labels.py
[2024-12-06T10:38:19.877+0000] {processor.py:914} INFO - Processing file /home/airflow/.local/lib/python3.12/site-packages/airflow/example_dags/example_branch_labels.py for tasks to queue
[2024-12-06T10:38:19.881+0000] {logging_mixin.py:190} INFO - [2024-12-06T10:38:19.880+0000] {dagbag.py:588} INFO - Filling up the DagBag from /home/airflow/.local/lib/python3.12/site-packages/airflow/example_dags/example_branch_labels.py
[2024-12-06T10:38:19.900+0000] {processor.py:925} INFO - DAG(s) 'example_branch_labels' retrieved from /home/airflow/.local/lib/python3.12/site-packages/airflow/example_dags/example_branch_labels.py
[2024-12-06T10:38:19.936+0000] {logging_mixin.py:190} INFO - [2024-12-06T10:38:19.936+0000] {dag.py:3239} INFO - Sync 1 DAGs
[2024-12-06T10:38:19.998+0000] {logging_mixin.py:190} INFO - [2024-12-06T10:38:19.998+0000] {dag.py:4180} INFO - Setting next_dagrun for example_branch_labels to 2024-12-05 00:00:00+00:00, run_after=2024-12-06 00:00:00+00:00
[2024-12-06T10:38:20.075+0000] {processor.py:208} INFO - Processing /home/airflow/.local/lib/python3.12/site-packages/airflow/example_dags/example_branch_labels.py took 0.213 seconds
[2024-12-06T10:38:50.335+0000] {processor.py:186} INFO - Started process (PID=236) to work on /home/airflow/.local/lib/python3.12/site-packages/airflow/example_dags/example_branch_labels.py
[2024-12-06T10:38:50.336+0000] {processor.py:914} INFO - Processing file /home/airflow/.local/lib/python3.12/site-packages/airflow/example_dags/example_branch_labels.py for tasks to queue
[2024-12-06T10:38:50.340+0000] {logging_mixin.py:190} INFO - [2024-12-06T10:38:50.339+0000] {dagbag.py:588} INFO - Filling up the DagBag from /home/airflow/.local/lib/python3.12/site-packages/airflow/example_dags/example_branch_labels.py
[2024-12-06T10:38:50.356+0000] {processor.py:925} INFO - DAG(s) 'example_branch_labels' retrieved from /home/airflow/.local/lib/python3.12/site-packages/airflow/example_dags/example_branch_labels.py
[2024-12-06T10:38:50.398+0000] {logging_mixin.py:190} INFO - [2024-12-06T10:38:50.397+0000] {dag.py:3239} INFO - Sync 1 DAGs
[2024-12-06T10:38:50.438+0000] {logging_mixin.py:190} INFO - [2024-12-06T10:38:50.437+0000] {dag.py:4180} INFO - Setting next_dagrun for example_branch_labels to 2024-12-05 00:00:00+00:00, run_after=2024-12-06 00:00:00+00:00
[2024-12-06T10:38:50.512+0000] {processor.py:208} INFO - Processing /home/airflow/.local/lib/python3.12/site-packages/airflow/example_dags/example_branch_labels.py took 0.192 seconds
[2024-12-06T10:39:20.774+0000] {processor.py:186} INFO - Started process (PID=298) to work on /home/airflow/.local/lib/python3.12/site-packages/airflow/example_dags/example_branch_labels.py
[2024-12-06T10:39:20.776+0000] {processor.py:914} INFO - Processing file /home/airflow/.local/lib/python3.12/site-packages/airflow/example_dags/example_branch_labels.py for tasks to queue
[2024-12-06T10:39:20.780+0000] {logging_mixin.py:190} INFO - [2024-12-06T10:39:20.780+0000] {dagbag.py:588} INFO - Filling up the DagBag from /home/airflow/.local/lib/python3.12/site-packages/airflow/example_dags/example_branch_labels.py
[2024-12-06T10:39:20.795+0000] {processor.py:925} INFO - DAG(s) 'example_branch_labels' retrieved from /home/airflow/.local/lib/python3.12/site-packages/airflow/example_dags/example_branch_labels.py
[2024-12-06T10:39:20.822+0000] {logging_mixin.py:190} INFO - [2024-12-06T10:39:20.822+0000] {dag.py:3239} INFO - Sync 1 DAGs
[2024-12-06T10:39:20.856+0000] {logging_mixin.py:190} INFO - [2024-12-06T10:39:20.855+0000] {dag.py:4180} INFO - Setting next_dagrun for example_branch_labels to 2024-12-05 00:00:00+00:00, run_after=2024-12-06 00:00:00+00:00
[2024-12-06T10:39:20.890+0000] {processor.py:208} INFO - Processing /home/airflow/.local/lib/python3.12/site-packages/airflow/example_dags/example_branch_labels.py took 0.126 seconds
[2024-12-06T10:39:50.979+0000] {processor.py:186} INFO - Started process (PID=361) to work on /home/airflow/.local/lib/python3.12/site-packages/airflow/example_dags/example_branch_labels.py
[2024-12-06T10:39:50.981+0000] {processor.py:914} INFO - Processing file /home/airflow/.local/lib/python3.12/site-packages/airflow/example_dags/example_branch_labels.py for tasks to queue
[2024-12-06T10:39:50.985+0000] {logging_mixin.py:190} INFO - [2024-12-06T10:39:50.985+0000] {dagbag.py:588} INFO - Filling up the DagBag from /home/airflow/.local/lib/python3.12/site-packages/airflow/example_dags/example_branch_labels.py
[2024-12-06T10:39:51.003+0000] {processor.py:925} INFO - DAG(s) 'example_branch_labels' retrieved from /home/airflow/.local/lib/python3.12/site-packages/airflow/example_dags/example_branch_labels.py
[2024-12-06T10:39:51.056+0000] {logging_mixin.py:190} INFO - [2024-12-06T10:39:51.055+0000] {dag.py:3239} INFO - Sync 1 DAGs
[2024-12-06T10:39:51.114+0000] {logging_mixin.py:190} INFO - [2024-12-06T10:39:51.113+0000] {dag.py:4180} INFO - Setting next_dagrun for example_branch_labels to 2024-12-05 00:00:00+00:00, run_after=2024-12-06 00:00:00+00:00
[2024-12-06T10:39:51.166+0000] {processor.py:208} INFO - Processing /home/airflow/.local/lib/python3.12/site-packages/airflow/example_dags/example_branch_labels.py took 0.199 seconds
