[2024-12-06T10:37:42.839+0000] {processor.py:186} INFO - Started process (PID=87) to work on /home/airflow/.local/lib/python3.12/site-packages/airflow/example_dags/example_task_group.py
[2024-12-06T10:37:42.842+0000] {processor.py:914} INFO - Processing file /home/airflow/.local/lib/python3.12/site-packages/airflow/example_dags/example_task_group.py for tasks to queue
[2024-12-06T10:37:42.846+0000] {logging_mixin.py:190} INFO - [2024-12-06T10:37:42.846+0000] {dagbag.py:588} INFO - Filling up the DagBag from /home/airflow/.local/lib/python3.12/site-packages/airflow/example_dags/example_task_group.py
[2024-12-06T10:37:42.864+0000] {processor.py:925} INFO - DAG(s) 'example_task_group' retrieved from /home/airflow/.local/lib/python3.12/site-packages/airflow/example_dags/example_task_group.py
[2024-12-06T10:37:42.901+0000] {logging_mixin.py:190} INFO - [2024-12-06T10:37:42.900+0000] {dag.py:3239} INFO - Sync 1 DAGs
[2024-12-06T10:37:42.925+0000] {logging_mixin.py:190} INFO - [2024-12-06T10:37:42.924+0000] {dag.py:4180} INFO - Setting next_dagrun for example_task_group to None, run_after=None
[2024-12-06T10:37:42.960+0000] {processor.py:208} INFO - Processing /home/airflow/.local/lib/python3.12/site-packages/airflow/example_dags/example_task_group.py took 0.135 seconds
[2024-12-06T10:38:13.591+0000] {processor.py:186} INFO - Started process (PID=149) to work on /home/airflow/.local/lib/python3.12/site-packages/airflow/example_dags/example_task_group.py
[2024-12-06T10:38:13.593+0000] {processor.py:914} INFO - Processing file /home/airflow/.local/lib/python3.12/site-packages/airflow/example_dags/example_task_group.py for tasks to queue
[2024-12-06T10:38:13.596+0000] {logging_mixin.py:190} INFO - [2024-12-06T10:38:13.596+0000] {dagbag.py:588} INFO - Filling up the DagBag from /home/airflow/.local/lib/python3.12/site-packages/airflow/example_dags/example_task_group.py
[2024-12-06T10:38:13.609+0000] {processor.py:925} INFO - DAG(s) 'example_task_group' retrieved from /home/airflow/.local/lib/python3.12/site-packages/airflow/example_dags/example_task_group.py
[2024-12-06T10:38:13.643+0000] {logging_mixin.py:190} INFO - [2024-12-06T10:38:13.643+0000] {dag.py:3239} INFO - Sync 1 DAGs
[2024-12-06T10:38:13.664+0000] {logging_mixin.py:190} INFO - [2024-12-06T10:38:13.664+0000] {dag.py:4180} INFO - Setting next_dagrun for example_task_group to None, run_after=None
[2024-12-06T10:38:13.700+0000] {processor.py:208} INFO - Processing /home/airflow/.local/lib/python3.12/site-packages/airflow/example_dags/example_task_group.py took 0.117 seconds
[2024-12-06T10:38:44.508+0000] {processor.py:186} INFO - Started process (PID=212) to work on /home/airflow/.local/lib/python3.12/site-packages/airflow/example_dags/example_task_group.py
[2024-12-06T10:38:44.510+0000] {processor.py:914} INFO - Processing file /home/airflow/.local/lib/python3.12/site-packages/airflow/example_dags/example_task_group.py for tasks to queue
[2024-12-06T10:38:44.516+0000] {logging_mixin.py:190} INFO - [2024-12-06T10:38:44.515+0000] {dagbag.py:588} INFO - Filling up the DagBag from /home/airflow/.local/lib/python3.12/site-packages/airflow/example_dags/example_task_group.py
[2024-12-06T10:38:44.535+0000] {processor.py:925} INFO - DAG(s) 'example_task_group' retrieved from /home/airflow/.local/lib/python3.12/site-packages/airflow/example_dags/example_task_group.py
[2024-12-06T10:38:44.588+0000] {logging_mixin.py:190} INFO - [2024-12-06T10:38:44.587+0000] {dag.py:3239} INFO - Sync 1 DAGs
[2024-12-06T10:38:44.624+0000] {logging_mixin.py:190} INFO - [2024-12-06T10:38:44.623+0000] {dag.py:4180} INFO - Setting next_dagrun for example_task_group to None, run_after=None
[2024-12-06T10:38:44.669+0000] {processor.py:208} INFO - Processing /home/airflow/.local/lib/python3.12/site-packages/airflow/example_dags/example_task_group.py took 0.177 seconds
[2024-12-06T10:39:14.753+0000] {processor.py:186} INFO - Started process (PID=274) to work on /home/airflow/.local/lib/python3.12/site-packages/airflow/example_dags/example_task_group.py
[2024-12-06T10:39:14.755+0000] {processor.py:914} INFO - Processing file /home/airflow/.local/lib/python3.12/site-packages/airflow/example_dags/example_task_group.py for tasks to queue
[2024-12-06T10:39:14.758+0000] {logging_mixin.py:190} INFO - [2024-12-06T10:39:14.758+0000] {dagbag.py:588} INFO - Filling up the DagBag from /home/airflow/.local/lib/python3.12/site-packages/airflow/example_dags/example_task_group.py
[2024-12-06T10:39:14.774+0000] {processor.py:925} INFO - DAG(s) 'example_task_group' retrieved from /home/airflow/.local/lib/python3.12/site-packages/airflow/example_dags/example_task_group.py
[2024-12-06T10:39:14.805+0000] {logging_mixin.py:190} INFO - [2024-12-06T10:39:14.805+0000] {dag.py:3239} INFO - Sync 1 DAGs
[2024-12-06T10:39:14.829+0000] {logging_mixin.py:190} INFO - [2024-12-06T10:39:14.829+0000] {dag.py:4180} INFO - Setting next_dagrun for example_task_group to None, run_after=None
[2024-12-06T10:39:14.869+0000] {processor.py:208} INFO - Processing /home/airflow/.local/lib/python3.12/site-packages/airflow/example_dags/example_task_group.py took 0.124 seconds
[2024-12-06T10:39:45.765+0000] {processor.py:186} INFO - Started process (PID=339) to work on /home/airflow/.local/lib/python3.12/site-packages/airflow/example_dags/example_task_group.py
[2024-12-06T10:39:45.767+0000] {processor.py:914} INFO - Processing file /home/airflow/.local/lib/python3.12/site-packages/airflow/example_dags/example_task_group.py for tasks to queue
[2024-12-06T10:39:45.772+0000] {logging_mixin.py:190} INFO - [2024-12-06T10:39:45.771+0000] {dagbag.py:588} INFO - Filling up the DagBag from /home/airflow/.local/lib/python3.12/site-packages/airflow/example_dags/example_task_group.py
[2024-12-06T10:39:45.785+0000] {processor.py:925} INFO - DAG(s) 'example_task_group' retrieved from /home/airflow/.local/lib/python3.12/site-packages/airflow/example_dags/example_task_group.py
[2024-12-06T10:39:45.816+0000] {logging_mixin.py:190} INFO - [2024-12-06T10:39:45.816+0000] {dag.py:3239} INFO - Sync 1 DAGs
[2024-12-06T10:39:45.836+0000] {logging_mixin.py:190} INFO - [2024-12-06T10:39:45.835+0000] {dag.py:4180} INFO - Setting next_dagrun for example_task_group to None, run_after=None
[2024-12-06T10:39:45.863+0000] {processor.py:208} INFO - Processing /home/airflow/.local/lib/python3.12/site-packages/airflow/example_dags/example_task_group.py took 0.112 seconds
