[2024-12-06T10:37:48.741+0000] {processor.py:186} INFO - Started process (PID=108) to work on /home/airflow/.local/lib/python3.12/site-packages/airflow/example_dags/example_xcomargs.py
[2024-12-06T10:37:48.744+0000] {processor.py:914} INFO - Processing file /home/airflow/.local/lib/python3.12/site-packages/airflow/example_dags/example_xcomargs.py for tasks to queue
[2024-12-06T10:37:48.750+0000] {logging_mixin.py:190} INFO - [2024-12-06T10:37:48.750+0000] {dagbag.py:588} INFO - Filling up the DagBag from /home/airflow/.local/lib/python3.12/site-packages/airflow/example_dags/example_xcomargs.py
[2024-12-06T10:37:48.796+0000] {processor.py:925} INFO - DAG(s) 'example_xcom_args', 'example_xcom_args_with_operators' retrieved from /home/airflow/.local/lib/python3.12/site-packages/airflow/example_dags/example_xcomargs.py
[2024-12-06T10:37:48.866+0000] {logging_mixin.py:190} INFO - [2024-12-06T10:37:48.866+0000] {dag.py:3239} INFO - Sync 2 DAGs
[2024-12-06T10:37:48.909+0000] {logging_mixin.py:190} INFO - [2024-12-06T10:37:48.909+0000] {dag.py:4180} INFO - Setting next_dagrun for example_xcom_args to None, run_after=None
[2024-12-06T10:37:48.918+0000] {logging_mixin.py:190} INFO - [2024-12-06T10:37:48.917+0000] {dag.py:4180} INFO - Setting next_dagrun for example_xcom_args_with_operators to None, run_after=None
[2024-12-06T10:37:48.954+0000] {processor.py:208} INFO - Processing /home/airflow/.local/lib/python3.12/site-packages/airflow/example_dags/example_xcomargs.py took 0.235 seconds
[2024-12-06T10:38:19.456+0000] {processor.py:186} INFO - Started process (PID=171) to work on /home/airflow/.local/lib/python3.12/site-packages/airflow/example_dags/example_xcomargs.py
[2024-12-06T10:38:19.457+0000] {processor.py:914} INFO - Processing file /home/airflow/.local/lib/python3.12/site-packages/airflow/example_dags/example_xcomargs.py for tasks to queue
[2024-12-06T10:38:19.461+0000] {logging_mixin.py:190} INFO - [2024-12-06T10:38:19.460+0000] {dagbag.py:588} INFO - Filling up the DagBag from /home/airflow/.local/lib/python3.12/site-packages/airflow/example_dags/example_xcomargs.py
[2024-12-06T10:38:19.477+0000] {processor.py:925} INFO - DAG(s) 'example_xcom_args_with_operators', 'example_xcom_args' retrieved from /home/airflow/.local/lib/python3.12/site-packages/airflow/example_dags/example_xcomargs.py
[2024-12-06T10:38:19.520+0000] {logging_mixin.py:190} INFO - [2024-12-06T10:38:19.520+0000] {dag.py:3239} INFO - Sync 2 DAGs
[2024-12-06T10:38:19.547+0000] {logging_mixin.py:190} INFO - [2024-12-06T10:38:19.546+0000] {dag.py:4180} INFO - Setting next_dagrun for example_xcom_args to None, run_after=None
[2024-12-06T10:38:19.554+0000] {logging_mixin.py:190} INFO - [2024-12-06T10:38:19.554+0000] {dag.py:4180} INFO - Setting next_dagrun for example_xcom_args_with_operators to None, run_after=None
[2024-12-06T10:38:19.596+0000] {processor.py:208} INFO - Processing /home/airflow/.local/lib/python3.12/site-packages/airflow/example_dags/example_xcomargs.py took 0.151 seconds
[2024-12-06T10:38:49.891+0000] {processor.py:186} INFO - Started process (PID=233) to work on /home/airflow/.local/lib/python3.12/site-packages/airflow/example_dags/example_xcomargs.py
[2024-12-06T10:38:49.892+0000] {processor.py:914} INFO - Processing file /home/airflow/.local/lib/python3.12/site-packages/airflow/example_dags/example_xcomargs.py for tasks to queue
[2024-12-06T10:38:49.895+0000] {logging_mixin.py:190} INFO - [2024-12-06T10:38:49.895+0000] {dagbag.py:588} INFO - Filling up the DagBag from /home/airflow/.local/lib/python3.12/site-packages/airflow/example_dags/example_xcomargs.py
[2024-12-06T10:38:49.909+0000] {processor.py:925} INFO - DAG(s) 'example_xcom_args_with_operators', 'example_xcom_args' retrieved from /home/airflow/.local/lib/python3.12/site-packages/airflow/example_dags/example_xcomargs.py
[2024-12-06T10:38:49.940+0000] {logging_mixin.py:190} INFO - [2024-12-06T10:38:49.939+0000] {dag.py:3239} INFO - Sync 2 DAGs
[2024-12-06T10:38:49.960+0000] {logging_mixin.py:190} INFO - [2024-12-06T10:38:49.959+0000] {dag.py:4180} INFO - Setting next_dagrun for example_xcom_args to None, run_after=None
[2024-12-06T10:38:49.966+0000] {logging_mixin.py:190} INFO - [2024-12-06T10:38:49.966+0000] {dag.py:4180} INFO - Setting next_dagrun for example_xcom_args_with_operators to None, run_after=None
[2024-12-06T10:38:50.009+0000] {processor.py:208} INFO - Processing /home/airflow/.local/lib/python3.12/site-packages/airflow/example_dags/example_xcomargs.py took 0.126 seconds
[2024-12-06T10:39:20.408+0000] {processor.py:186} INFO - Started process (PID=296) to work on /home/airflow/.local/lib/python3.12/site-packages/airflow/example_dags/example_xcomargs.py
[2024-12-06T10:39:20.409+0000] {processor.py:914} INFO - Processing file /home/airflow/.local/lib/python3.12/site-packages/airflow/example_dags/example_xcomargs.py for tasks to queue
[2024-12-06T10:39:20.412+0000] {logging_mixin.py:190} INFO - [2024-12-06T10:39:20.412+0000] {dagbag.py:588} INFO - Filling up the DagBag from /home/airflow/.local/lib/python3.12/site-packages/airflow/example_dags/example_xcomargs.py
[2024-12-06T10:39:20.430+0000] {processor.py:925} INFO - DAG(s) 'example_xcom_args', 'example_xcom_args_with_operators' retrieved from /home/airflow/.local/lib/python3.12/site-packages/airflow/example_dags/example_xcomargs.py
[2024-12-06T10:39:20.461+0000] {logging_mixin.py:190} INFO - [2024-12-06T10:39:20.461+0000] {dag.py:3239} INFO - Sync 2 DAGs
[2024-12-06T10:39:20.481+0000] {logging_mixin.py:190} INFO - [2024-12-06T10:39:20.481+0000] {dag.py:4180} INFO - Setting next_dagrun for example_xcom_args to None, run_after=None
[2024-12-06T10:39:20.486+0000] {logging_mixin.py:190} INFO - [2024-12-06T10:39:20.486+0000] {dag.py:4180} INFO - Setting next_dagrun for example_xcom_args_with_operators to None, run_after=None
[2024-12-06T10:39:20.514+0000] {processor.py:208} INFO - Processing /home/airflow/.local/lib/python3.12/site-packages/airflow/example_dags/example_xcomargs.py took 0.114 seconds
[2024-12-06T10:39:50.593+0000] {processor.py:186} INFO - Started process (PID=359) to work on /home/airflow/.local/lib/python3.12/site-packages/airflow/example_dags/example_xcomargs.py
[2024-12-06T10:39:50.594+0000] {processor.py:914} INFO - Processing file /home/airflow/.local/lib/python3.12/site-packages/airflow/example_dags/example_xcomargs.py for tasks to queue
[2024-12-06T10:39:50.597+0000] {logging_mixin.py:190} INFO - [2024-12-06T10:39:50.597+0000] {dagbag.py:588} INFO - Filling up the DagBag from /home/airflow/.local/lib/python3.12/site-packages/airflow/example_dags/example_xcomargs.py
[2024-12-06T10:39:50.613+0000] {processor.py:925} INFO - DAG(s) 'example_xcom_args_with_operators', 'example_xcom_args' retrieved from /home/airflow/.local/lib/python3.12/site-packages/airflow/example_dags/example_xcomargs.py
[2024-12-06T10:39:50.645+0000] {logging_mixin.py:190} INFO - [2024-12-06T10:39:50.645+0000] {dag.py:3239} INFO - Sync 2 DAGs
[2024-12-06T10:39:50.665+0000] {logging_mixin.py:190} INFO - [2024-12-06T10:39:50.664+0000] {dag.py:4180} INFO - Setting next_dagrun for example_xcom_args to None, run_after=None
[2024-12-06T10:39:50.670+0000] {logging_mixin.py:190} INFO - [2024-12-06T10:39:50.670+0000] {dag.py:4180} INFO - Setting next_dagrun for example_xcom_args_with_operators to None, run_after=None
[2024-12-06T10:39:50.705+0000] {processor.py:208} INFO - Processing /home/airflow/.local/lib/python3.12/site-packages/airflow/example_dags/example_xcomargs.py took 0.121 seconds
