[2024-12-06T10:37:48.867+0000] {processor.py:186} INFO - Started process (PID=109) to work on /home/airflow/.local/lib/python3.12/site-packages/airflow/example_dags/example_dataset_alias.py
[2024-12-06T10:37:48.869+0000] {processor.py:914} INFO - Processing file /home/airflow/.local/lib/python3.12/site-packages/airflow/example_dags/example_dataset_alias.py for tasks to queue
[2024-12-06T10:37:48.877+0000] {logging_mixin.py:190} INFO - [2024-12-06T10:37:48.876+0000] {dagbag.py:588} INFO - Filling up the DagBag from /home/airflow/.local/lib/python3.12/site-packages/airflow/example_dags/example_dataset_alias.py
[2024-12-06T10:37:50.547+0000] {processor.py:925} INFO - DAG(s) 'dataset_s3_bucket_producer', 'dataset_s3_bucket_consumer', 'dataset_alias_example_alias_producer', 'dataset_alias_example_alias_consumer' retrieved from /home/airflow/.local/lib/python3.12/site-packages/airflow/example_dags/example_dataset_alias.py
[2024-12-06T10:37:50.593+0000] {logging_mixin.py:190} INFO - [2024-12-06T10:37:50.593+0000] {dag.py:3239} INFO - Sync 4 DAGs
[2024-12-06T10:37:50.652+0000] {logging_mixin.py:190} INFO - [2024-12-06T10:37:50.652+0000] {dag.py:4180} INFO - Setting next_dagrun for dataset_alias_example_alias_consumer to None, run_after=None
[2024-12-06T10:37:50.659+0000] {logging_mixin.py:190} INFO - [2024-12-06T10:37:50.658+0000] {dag.py:4180} INFO - Setting next_dagrun for dataset_alias_example_alias_producer to None, run_after=None
[2024-12-06T10:37:50.662+0000] {logging_mixin.py:190} INFO - [2024-12-06T10:37:50.662+0000] {dag.py:4180} INFO - Setting next_dagrun for dataset_s3_bucket_consumer to None, run_after=None
[2024-12-06T10:37:50.665+0000] {logging_mixin.py:190} INFO - [2024-12-06T10:37:50.665+0000] {dag.py:4180} INFO - Setting next_dagrun for dataset_s3_bucket_producer to None, run_after=None
[2024-12-06T10:37:50.723+0000] {processor.py:208} INFO - Processing /home/airflow/.local/lib/python3.12/site-packages/airflow/example_dags/example_dataset_alias.py took 1.873 seconds
[2024-12-06T10:38:20.936+0000] {processor.py:186} INFO - Started process (PID=177) to work on /home/airflow/.local/lib/python3.12/site-packages/airflow/example_dags/example_dataset_alias.py
[2024-12-06T10:38:20.938+0000] {processor.py:914} INFO - Processing file /home/airflow/.local/lib/python3.12/site-packages/airflow/example_dags/example_dataset_alias.py for tasks to queue
[2024-12-06T10:38:20.943+0000] {logging_mixin.py:190} INFO - [2024-12-06T10:38:20.942+0000] {dagbag.py:588} INFO - Filling up the DagBag from /home/airflow/.local/lib/python3.12/site-packages/airflow/example_dags/example_dataset_alias.py
[2024-12-06T10:38:21.870+0000] {processor.py:925} INFO - DAG(s) 'dataset_s3_bucket_producer', 'dataset_s3_bucket_consumer', 'dataset_alias_example_alias_producer', 'dataset_alias_example_alias_consumer' retrieved from /home/airflow/.local/lib/python3.12/site-packages/airflow/example_dags/example_dataset_alias.py
[2024-12-06T10:38:21.901+0000] {logging_mixin.py:190} INFO - [2024-12-06T10:38:21.900+0000] {dag.py:3239} INFO - Sync 4 DAGs
[2024-12-06T10:38:21.932+0000] {logging_mixin.py:190} INFO - [2024-12-06T10:38:21.932+0000] {dag.py:4180} INFO - Setting next_dagrun for dataset_alias_example_alias_consumer to None, run_after=None
[2024-12-06T10:38:21.936+0000] {logging_mixin.py:190} INFO - [2024-12-06T10:38:21.936+0000] {dag.py:4180} INFO - Setting next_dagrun for dataset_alias_example_alias_producer to None, run_after=None
[2024-12-06T10:38:21.938+0000] {logging_mixin.py:190} INFO - [2024-12-06T10:38:21.938+0000] {dag.py:4180} INFO - Setting next_dagrun for dataset_s3_bucket_consumer to None, run_after=None
[2024-12-06T10:38:21.940+0000] {logging_mixin.py:190} INFO - [2024-12-06T10:38:21.940+0000] {dag.py:4180} INFO - Setting next_dagrun for dataset_s3_bucket_producer to None, run_after=None
[2024-12-06T10:38:21.971+0000] {processor.py:208} INFO - Processing /home/airflow/.local/lib/python3.12/site-packages/airflow/example_dags/example_dataset_alias.py took 1.049 seconds
[2024-12-06T10:38:52.177+0000] {processor.py:186} INFO - Started process (PID=240) to work on /home/airflow/.local/lib/python3.12/site-packages/airflow/example_dags/example_dataset_alias.py
[2024-12-06T10:38:52.179+0000] {processor.py:914} INFO - Processing file /home/airflow/.local/lib/python3.12/site-packages/airflow/example_dags/example_dataset_alias.py for tasks to queue
[2024-12-06T10:38:52.187+0000] {logging_mixin.py:190} INFO - [2024-12-06T10:38:52.187+0000] {dagbag.py:588} INFO - Filling up the DagBag from /home/airflow/.local/lib/python3.12/site-packages/airflow/example_dags/example_dataset_alias.py
[2024-12-06T10:38:53.499+0000] {processor.py:925} INFO - DAG(s) 'dataset_alias_example_alias_consumer', 'dataset_s3_bucket_consumer', 'dataset_s3_bucket_producer', 'dataset_alias_example_alias_producer' retrieved from /home/airflow/.local/lib/python3.12/site-packages/airflow/example_dags/example_dataset_alias.py
[2024-12-06T10:38:53.538+0000] {logging_mixin.py:190} INFO - [2024-12-06T10:38:53.537+0000] {dag.py:3239} INFO - Sync 4 DAGs
[2024-12-06T10:38:53.583+0000] {logging_mixin.py:190} INFO - [2024-12-06T10:38:53.583+0000] {dag.py:4180} INFO - Setting next_dagrun for dataset_alias_example_alias_consumer to None, run_after=None
[2024-12-06T10:38:53.588+0000] {logging_mixin.py:190} INFO - [2024-12-06T10:38:53.588+0000] {dag.py:4180} INFO - Setting next_dagrun for dataset_alias_example_alias_producer to None, run_after=None
[2024-12-06T10:38:53.591+0000] {logging_mixin.py:190} INFO - [2024-12-06T10:38:53.591+0000] {dag.py:4180} INFO - Setting next_dagrun for dataset_s3_bucket_consumer to None, run_after=None
[2024-12-06T10:38:53.594+0000] {logging_mixin.py:190} INFO - [2024-12-06T10:38:53.594+0000] {dag.py:4180} INFO - Setting next_dagrun for dataset_s3_bucket_producer to None, run_after=None
[2024-12-06T10:38:53.635+0000] {processor.py:208} INFO - Processing /home/airflow/.local/lib/python3.12/site-packages/airflow/example_dags/example_dataset_alias.py took 1.472 seconds
[2024-12-06T10:39:23.728+0000] {processor.py:186} INFO - Started process (PID=307) to work on /home/airflow/.local/lib/python3.12/site-packages/airflow/example_dags/example_dataset_alias.py
[2024-12-06T10:39:23.729+0000] {processor.py:914} INFO - Processing file /home/airflow/.local/lib/python3.12/site-packages/airflow/example_dags/example_dataset_alias.py for tasks to queue
[2024-12-06T10:39:23.733+0000] {logging_mixin.py:190} INFO - [2024-12-06T10:39:23.733+0000] {dagbag.py:588} INFO - Filling up the DagBag from /home/airflow/.local/lib/python3.12/site-packages/airflow/example_dags/example_dataset_alias.py
[2024-12-06T10:39:24.592+0000] {processor.py:925} INFO - DAG(s) 'dataset_s3_bucket_producer', 'dataset_alias_example_alias_consumer', 'dataset_s3_bucket_consumer', 'dataset_alias_example_alias_producer' retrieved from /home/airflow/.local/lib/python3.12/site-packages/airflow/example_dags/example_dataset_alias.py
[2024-12-06T10:39:24.629+0000] {logging_mixin.py:190} INFO - [2024-12-06T10:39:24.629+0000] {dag.py:3239} INFO - Sync 4 DAGs
[2024-12-06T10:39:24.667+0000] {logging_mixin.py:190} INFO - [2024-12-06T10:39:24.666+0000] {dag.py:4180} INFO - Setting next_dagrun for dataset_alias_example_alias_consumer to None, run_after=None
[2024-12-06T10:39:24.671+0000] {logging_mixin.py:190} INFO - [2024-12-06T10:39:24.671+0000] {dag.py:4180} INFO - Setting next_dagrun for dataset_alias_example_alias_producer to None, run_after=None
[2024-12-06T10:39:24.676+0000] {logging_mixin.py:190} INFO - [2024-12-06T10:39:24.676+0000] {dag.py:4180} INFO - Setting next_dagrun for dataset_s3_bucket_consumer to None, run_after=None
[2024-12-06T10:39:24.679+0000] {logging_mixin.py:190} INFO - [2024-12-06T10:39:24.679+0000] {dag.py:4180} INFO - Setting next_dagrun for dataset_s3_bucket_producer to None, run_after=None
[2024-12-06T10:39:24.716+0000] {processor.py:208} INFO - Processing /home/airflow/.local/lib/python3.12/site-packages/airflow/example_dags/example_dataset_alias.py took 0.997 seconds
[2024-12-06T10:39:54.899+0000] {processor.py:186} INFO - Started process (PID=374) to work on /home/airflow/.local/lib/python3.12/site-packages/airflow/example_dags/example_dataset_alias.py
[2024-12-06T10:39:54.901+0000] {processor.py:914} INFO - Processing file /home/airflow/.local/lib/python3.12/site-packages/airflow/example_dags/example_dataset_alias.py for tasks to queue
[2024-12-06T10:39:54.904+0000] {logging_mixin.py:190} INFO - [2024-12-06T10:39:54.904+0000] {dagbag.py:588} INFO - Filling up the DagBag from /home/airflow/.local/lib/python3.12/site-packages/airflow/example_dags/example_dataset_alias.py
[2024-12-06T10:39:55.725+0000] {processor.py:925} INFO - DAG(s) 'dataset_s3_bucket_consumer', 'dataset_alias_example_alias_consumer', 'dataset_alias_example_alias_producer', 'dataset_s3_bucket_producer' retrieved from /home/airflow/.local/lib/python3.12/site-packages/airflow/example_dags/example_dataset_alias.py
[2024-12-06T10:39:55.761+0000] {logging_mixin.py:190} INFO - [2024-12-06T10:39:55.760+0000] {dag.py:3239} INFO - Sync 4 DAGs
[2024-12-06T10:39:55.788+0000] {logging_mixin.py:190} INFO - [2024-12-06T10:39:55.788+0000] {dag.py:4180} INFO - Setting next_dagrun for dataset_alias_example_alias_consumer to None, run_after=None
[2024-12-06T10:39:55.792+0000] {logging_mixin.py:190} INFO - [2024-12-06T10:39:55.792+0000] {dag.py:4180} INFO - Setting next_dagrun for dataset_alias_example_alias_producer to None, run_after=None
[2024-12-06T10:39:55.797+0000] {logging_mixin.py:190} INFO - [2024-12-06T10:39:55.797+0000] {dag.py:4180} INFO - Setting next_dagrun for dataset_s3_bucket_consumer to None, run_after=None
[2024-12-06T10:39:55.799+0000] {logging_mixin.py:190} INFO - [2024-12-06T10:39:55.799+0000] {dag.py:4180} INFO - Setting next_dagrun for dataset_s3_bucket_producer to None, run_after=None
[2024-12-06T10:39:55.846+0000] {processor.py:208} INFO - Processing /home/airflow/.local/lib/python3.12/site-packages/airflow/example_dags/example_dataset_alias.py took 0.955 seconds
