[2024-12-06T10:37:45.108+0000] {processor.py:186} INFO - Started process (PID=99) to work on /home/airflow/.local/lib/python3.12/site-packages/airflow/example_dags/example_external_task_marker_dag.py
[2024-12-06T10:37:45.111+0000] {processor.py:914} INFO - Processing file /home/airflow/.local/lib/python3.12/site-packages/airflow/example_dags/example_external_task_marker_dag.py for tasks to queue
[2024-12-06T10:37:45.116+0000] {logging_mixin.py:190} INFO - [2024-12-06T10:37:45.115+0000] {dagbag.py:588} INFO - Filling up the DagBag from /home/airflow/.local/lib/python3.12/site-packages/airflow/example_dags/example_external_task_marker_dag.py
[2024-12-06T10:37:45.180+0000] {processor.py:925} INFO - DAG(s) 'example_external_task_marker_child', 'example_external_task_marker_parent' retrieved from /home/airflow/.local/lib/python3.12/site-packages/airflow/example_dags/example_external_task_marker_dag.py
[2024-12-06T10:37:45.276+0000] {logging_mixin.py:190} INFO - [2024-12-06T10:37:45.275+0000] {dag.py:3239} INFO - Sync 2 DAGs
[2024-12-06T10:37:45.313+0000] {logging_mixin.py:190} INFO - [2024-12-06T10:37:45.313+0000] {dag.py:4180} INFO - Setting next_dagrun for example_external_task_marker_child to None, run_after=None
[2024-12-06T10:37:45.320+0000] {logging_mixin.py:190} INFO - [2024-12-06T10:37:45.320+0000] {dag.py:4180} INFO - Setting next_dagrun for example_external_task_marker_parent to None, run_after=None
[2024-12-06T10:37:45.380+0000] {processor.py:208} INFO - Processing /home/airflow/.local/lib/python3.12/site-packages/airflow/example_dags/example_external_task_marker_dag.py took 0.297 seconds
[2024-12-06T10:38:15.578+0000] {processor.py:186} INFO - Started process (PID=161) to work on /home/airflow/.local/lib/python3.12/site-packages/airflow/example_dags/example_external_task_marker_dag.py
[2024-12-06T10:38:15.580+0000] {processor.py:914} INFO - Processing file /home/airflow/.local/lib/python3.12/site-packages/airflow/example_dags/example_external_task_marker_dag.py for tasks to queue
[2024-12-06T10:38:15.584+0000] {logging_mixin.py:190} INFO - [2024-12-06T10:38:15.583+0000] {dagbag.py:588} INFO - Filling up the DagBag from /home/airflow/.local/lib/python3.12/site-packages/airflow/example_dags/example_external_task_marker_dag.py
[2024-12-06T10:38:15.596+0000] {processor.py:925} INFO - DAG(s) 'example_external_task_marker_parent', 'example_external_task_marker_child' retrieved from /home/airflow/.local/lib/python3.12/site-packages/airflow/example_dags/example_external_task_marker_dag.py
[2024-12-06T10:38:15.627+0000] {logging_mixin.py:190} INFO - [2024-12-06T10:38:15.627+0000] {dag.py:3239} INFO - Sync 2 DAGs
[2024-12-06T10:38:15.649+0000] {logging_mixin.py:190} INFO - [2024-12-06T10:38:15.649+0000] {dag.py:4180} INFO - Setting next_dagrun for example_external_task_marker_child to None, run_after=None
[2024-12-06T10:38:15.655+0000] {logging_mixin.py:190} INFO - [2024-12-06T10:38:15.655+0000] {dag.py:4180} INFO - Setting next_dagrun for example_external_task_marker_parent to None, run_after=None
[2024-12-06T10:38:15.677+0000] {processor.py:208} INFO - Processing /home/airflow/.local/lib/python3.12/site-packages/airflow/example_dags/example_external_task_marker_dag.py took 0.110 seconds
[2024-12-06T10:38:45.888+0000] {processor.py:186} INFO - Started process (PID=224) to work on /home/airflow/.local/lib/python3.12/site-packages/airflow/example_dags/example_external_task_marker_dag.py
[2024-12-06T10:38:45.890+0000] {processor.py:914} INFO - Processing file /home/airflow/.local/lib/python3.12/site-packages/airflow/example_dags/example_external_task_marker_dag.py for tasks to queue
[2024-12-06T10:38:45.893+0000] {logging_mixin.py:190} INFO - [2024-12-06T10:38:45.893+0000] {dagbag.py:588} INFO - Filling up the DagBag from /home/airflow/.local/lib/python3.12/site-packages/airflow/example_dags/example_external_task_marker_dag.py
[2024-12-06T10:38:45.906+0000] {processor.py:925} INFO - DAG(s) 'example_external_task_marker_child', 'example_external_task_marker_parent' retrieved from /home/airflow/.local/lib/python3.12/site-packages/airflow/example_dags/example_external_task_marker_dag.py
[2024-12-06T10:38:45.943+0000] {logging_mixin.py:190} INFO - [2024-12-06T10:38:45.942+0000] {dag.py:3239} INFO - Sync 2 DAGs
[2024-12-06T10:38:45.965+0000] {logging_mixin.py:190} INFO - [2024-12-06T10:38:45.964+0000] {dag.py:4180} INFO - Setting next_dagrun for example_external_task_marker_child to None, run_after=None
[2024-12-06T10:38:45.970+0000] {logging_mixin.py:190} INFO - [2024-12-06T10:38:45.970+0000] {dag.py:4180} INFO - Setting next_dagrun for example_external_task_marker_parent to None, run_after=None
[2024-12-06T10:38:46.000+0000] {processor.py:208} INFO - Processing /home/airflow/.local/lib/python3.12/site-packages/airflow/example_dags/example_external_task_marker_dag.py took 0.123 seconds
[2024-12-06T10:39:16.141+0000] {processor.py:186} INFO - Started process (PID=286) to work on /home/airflow/.local/lib/python3.12/site-packages/airflow/example_dags/example_external_task_marker_dag.py
[2024-12-06T10:39:16.143+0000] {processor.py:914} INFO - Processing file /home/airflow/.local/lib/python3.12/site-packages/airflow/example_dags/example_external_task_marker_dag.py for tasks to queue
[2024-12-06T10:39:16.146+0000] {logging_mixin.py:190} INFO - [2024-12-06T10:39:16.146+0000] {dagbag.py:588} INFO - Filling up the DagBag from /home/airflow/.local/lib/python3.12/site-packages/airflow/example_dags/example_external_task_marker_dag.py
[2024-12-06T10:39:16.156+0000] {processor.py:925} INFO - DAG(s) 'example_external_task_marker_child', 'example_external_task_marker_parent' retrieved from /home/airflow/.local/lib/python3.12/site-packages/airflow/example_dags/example_external_task_marker_dag.py
[2024-12-06T10:39:16.185+0000] {logging_mixin.py:190} INFO - [2024-12-06T10:39:16.185+0000] {dag.py:3239} INFO - Sync 2 DAGs
[2024-12-06T10:39:16.205+0000] {logging_mixin.py:190} INFO - [2024-12-06T10:39:16.204+0000] {dag.py:4180} INFO - Setting next_dagrun for example_external_task_marker_child to None, run_after=None
[2024-12-06T10:39:16.210+0000] {logging_mixin.py:190} INFO - [2024-12-06T10:39:16.209+0000] {dag.py:4180} INFO - Setting next_dagrun for example_external_task_marker_parent to None, run_after=None
[2024-12-06T10:39:16.234+0000] {processor.py:208} INFO - Processing /home/airflow/.local/lib/python3.12/site-packages/airflow/example_dags/example_external_task_marker_dag.py took 0.100 seconds
[2024-12-06T10:39:46.780+0000] {processor.py:186} INFO - Started process (PID=350) to work on /home/airflow/.local/lib/python3.12/site-packages/airflow/example_dags/example_external_task_marker_dag.py
[2024-12-06T10:39:46.782+0000] {processor.py:914} INFO - Processing file /home/airflow/.local/lib/python3.12/site-packages/airflow/example_dags/example_external_task_marker_dag.py for tasks to queue
[2024-12-06T10:39:46.785+0000] {logging_mixin.py:190} INFO - [2024-12-06T10:39:46.785+0000] {dagbag.py:588} INFO - Filling up the DagBag from /home/airflow/.local/lib/python3.12/site-packages/airflow/example_dags/example_external_task_marker_dag.py
[2024-12-06T10:39:46.814+0000] {processor.py:925} INFO - DAG(s) 'example_external_task_marker_parent', 'example_external_task_marker_child' retrieved from /home/airflow/.local/lib/python3.12/site-packages/airflow/example_dags/example_external_task_marker_dag.py
[2024-12-06T10:39:46.857+0000] {logging_mixin.py:190} INFO - [2024-12-06T10:39:46.857+0000] {dag.py:3239} INFO - Sync 2 DAGs
[2024-12-06T10:39:46.878+0000] {logging_mixin.py:190} INFO - [2024-12-06T10:39:46.877+0000] {dag.py:4180} INFO - Setting next_dagrun for example_external_task_marker_child to None, run_after=None
[2024-12-06T10:39:46.883+0000] {logging_mixin.py:190} INFO - [2024-12-06T10:39:46.883+0000] {dag.py:4180} INFO - Setting next_dagrun for example_external_task_marker_parent to None, run_after=None
[2024-12-06T10:39:46.909+0000] {processor.py:208} INFO - Processing /home/airflow/.local/lib/python3.12/site-packages/airflow/example_dags/example_external_task_marker_dag.py took 0.138 seconds
