[2024-12-06T10:37:51.009+0000] {processor.py:186} INFO - Started process (PID=117) to work on /home/airflow/.local/lib/python3.12/site-packages/airflow/example_dags/example_dag_decorator.py
[2024-12-06T10:37:51.010+0000] {processor.py:914} INFO - Processing file /home/airflow/.local/lib/python3.12/site-packages/airflow/example_dags/example_dag_decorator.py for tasks to queue
[2024-12-06T10:37:51.014+0000] {logging_mixin.py:190} INFO - [2024-12-06T10:37:51.014+0000] {dagbag.py:588} INFO - Filling up the DagBag from /home/airflow/.local/lib/python3.12/site-packages/airflow/example_dags/example_dag_decorator.py
[2024-12-06T10:37:51.041+0000] {processor.py:925} INFO - DAG(s) 'example_dag_decorator' retrieved from /home/airflow/.local/lib/python3.12/site-packages/airflow/example_dags/example_dag_decorator.py
[2024-12-06T10:37:51.253+0000] {logging_mixin.py:190} INFO - [2024-12-06T10:37:51.252+0000] {dag.py:3239} INFO - Sync 1 DAGs
[2024-12-06T10:37:51.288+0000] {logging_mixin.py:190} INFO - [2024-12-06T10:37:51.287+0000] {dag.py:4180} INFO - Setting next_dagrun for example_dag_decorator to None, run_after=None
[2024-12-06T10:37:51.326+0000] {processor.py:208} INFO - Processing /home/airflow/.local/lib/python3.12/site-packages/airflow/example_dags/example_dag_decorator.py took 0.329 seconds
[2024-12-06T10:38:22.023+0000] {processor.py:186} INFO - Started process (PID=180) to work on /home/airflow/.local/lib/python3.12/site-packages/airflow/example_dags/example_dag_decorator.py
[2024-12-06T10:38:22.024+0000] {processor.py:914} INFO - Processing file /home/airflow/.local/lib/python3.12/site-packages/airflow/example_dags/example_dag_decorator.py for tasks to queue
[2024-12-06T10:38:22.028+0000] {logging_mixin.py:190} INFO - [2024-12-06T10:38:22.028+0000] {dagbag.py:588} INFO - Filling up the DagBag from /home/airflow/.local/lib/python3.12/site-packages/airflow/example_dags/example_dag_decorator.py
[2024-12-06T10:38:22.050+0000] {processor.py:925} INFO - DAG(s) 'example_dag_decorator' retrieved from /home/airflow/.local/lib/python3.12/site-packages/airflow/example_dags/example_dag_decorator.py
[2024-12-06T10:38:22.278+0000] {logging_mixin.py:190} INFO - [2024-12-06T10:38:22.278+0000] {dag.py:3239} INFO - Sync 1 DAGs
[2024-12-06T10:38:22.297+0000] {logging_mixin.py:190} INFO - [2024-12-06T10:38:22.297+0000] {dag.py:4180} INFO - Setting next_dagrun for example_dag_decorator to None, run_after=None
[2024-12-06T10:38:22.328+0000] {processor.py:208} INFO - Processing /home/airflow/.local/lib/python3.12/site-packages/airflow/example_dags/example_dag_decorator.py took 0.317 seconds
[2024-12-06T10:38:52.731+0000] {processor.py:186} INFO - Started process (PID=243) to work on /home/airflow/.local/lib/python3.12/site-packages/airflow/example_dags/example_dag_decorator.py
[2024-12-06T10:38:52.734+0000] {processor.py:914} INFO - Processing file /home/airflow/.local/lib/python3.12/site-packages/airflow/example_dags/example_dag_decorator.py for tasks to queue
[2024-12-06T10:38:52.741+0000] {logging_mixin.py:190} INFO - [2024-12-06T10:38:52.740+0000] {dagbag.py:588} INFO - Filling up the DagBag from /home/airflow/.local/lib/python3.12/site-packages/airflow/example_dags/example_dag_decorator.py
[2024-12-06T10:38:52.788+0000] {processor.py:925} INFO - DAG(s) 'example_dag_decorator' retrieved from /home/airflow/.local/lib/python3.12/site-packages/airflow/example_dags/example_dag_decorator.py
[2024-12-06T10:38:53.054+0000] {logging_mixin.py:190} INFO - [2024-12-06T10:38:53.054+0000] {dag.py:3239} INFO - Sync 1 DAGs
[2024-12-06T10:38:53.108+0000] {logging_mixin.py:190} INFO - [2024-12-06T10:38:53.107+0000] {dag.py:4180} INFO - Setting next_dagrun for example_dag_decorator to None, run_after=None
[2024-12-06T10:38:53.152+0000] {processor.py:208} INFO - Processing /home/airflow/.local/lib/python3.12/site-packages/airflow/example_dags/example_dag_decorator.py took 0.441 seconds
[2024-12-06T10:39:23.420+0000] {processor.py:186} INFO - Started process (PID=305) to work on /home/airflow/.local/lib/python3.12/site-packages/airflow/example_dags/example_dag_decorator.py
[2024-12-06T10:39:23.421+0000] {processor.py:914} INFO - Processing file /home/airflow/.local/lib/python3.12/site-packages/airflow/example_dags/example_dag_decorator.py for tasks to queue
[2024-12-06T10:39:23.424+0000] {logging_mixin.py:190} INFO - [2024-12-06T10:39:23.424+0000] {dagbag.py:588} INFO - Filling up the DagBag from /home/airflow/.local/lib/python3.12/site-packages/airflow/example_dags/example_dag_decorator.py
[2024-12-06T10:39:23.439+0000] {processor.py:925} INFO - DAG(s) 'example_dag_decorator' retrieved from /home/airflow/.local/lib/python3.12/site-packages/airflow/example_dags/example_dag_decorator.py
[2024-12-06T10:39:23.588+0000] {logging_mixin.py:190} INFO - [2024-12-06T10:39:23.588+0000] {dag.py:3239} INFO - Sync 1 DAGs
[2024-12-06T10:39:23.614+0000] {logging_mixin.py:190} INFO - [2024-12-06T10:39:23.613+0000] {dag.py:4180} INFO - Setting next_dagrun for example_dag_decorator to None, run_after=None
[2024-12-06T10:39:23.658+0000] {processor.py:208} INFO - Processing /home/airflow/.local/lib/python3.12/site-packages/airflow/example_dags/example_dag_decorator.py took 0.245 seconds
[2024-12-06T10:39:54.459+0000] {processor.py:186} INFO - Started process (PID=369) to work on /home/airflow/.local/lib/python3.12/site-packages/airflow/example_dags/example_dag_decorator.py
[2024-12-06T10:39:54.461+0000] {processor.py:914} INFO - Processing file /home/airflow/.local/lib/python3.12/site-packages/airflow/example_dags/example_dag_decorator.py for tasks to queue
[2024-12-06T10:39:54.465+0000] {logging_mixin.py:190} INFO - [2024-12-06T10:39:54.464+0000] {dagbag.py:588} INFO - Filling up the DagBag from /home/airflow/.local/lib/python3.12/site-packages/airflow/example_dags/example_dag_decorator.py
[2024-12-06T10:39:54.483+0000] {processor.py:925} INFO - DAG(s) 'example_dag_decorator' retrieved from /home/airflow/.local/lib/python3.12/site-packages/airflow/example_dags/example_dag_decorator.py
[2024-12-06T10:39:54.646+0000] {logging_mixin.py:190} INFO - [2024-12-06T10:39:54.646+0000] {dag.py:3239} INFO - Sync 1 DAGs
[2024-12-06T10:39:54.663+0000] {logging_mixin.py:190} INFO - [2024-12-06T10:39:54.663+0000] {dag.py:4180} INFO - Setting next_dagrun for example_dag_decorator to None, run_after=None
[2024-12-06T10:39:54.692+0000] {processor.py:208} INFO - Processing /home/airflow/.local/lib/python3.12/site-packages/airflow/example_dags/example_dag_decorator.py took 0.242 seconds
