[2024-12-06T10:37:50.578+0000] {processor.py:186} INFO - Started process (PID=115) to work on /home/airflow/.local/lib/python3.12/site-packages/airflow/example_dags/example_branch_operator.py
[2024-12-06T10:37:50.580+0000] {processor.py:914} INFO - Processing file /home/airflow/.local/lib/python3.12/site-packages/airflow/example_dags/example_branch_operator.py for tasks to queue
[2024-12-06T10:37:50.583+0000] {logging_mixin.py:190} INFO - [2024-12-06T10:37:50.583+0000] {dagbag.py:588} INFO - Filling up the DagBag from /home/airflow/.local/lib/python3.12/site-packages/airflow/example_dags/example_branch_operator.py
[2024-12-06T10:37:50.621+0000] {processor.py:925} INFO - DAG(s) 'example_branch_operator' retrieved from /home/airflow/.local/lib/python3.12/site-packages/airflow/example_dags/example_branch_operator.py
[2024-12-06T10:37:50.940+0000] {logging_mixin.py:190} INFO - [2024-12-06T10:37:50.940+0000] {dag.py:3239} INFO - Sync 1 DAGs
[2024-12-06T10:37:50.985+0000] {logging_mixin.py:190} INFO - [2024-12-06T10:37:50.985+0000] {dag.py:4180} INFO - Setting next_dagrun for example_branch_operator to 2024-12-05 00:00:00+00:00, run_after=2024-12-06 00:00:00+00:00
[2024-12-06T10:37:51.025+0000] {processor.py:208} INFO - Processing /home/airflow/.local/lib/python3.12/site-packages/airflow/example_dags/example_branch_operator.py took 0.458 seconds
[2024-12-06T10:38:21.744+0000] {processor.py:186} INFO - Started process (PID=178) to work on /home/airflow/.local/lib/python3.12/site-packages/airflow/example_dags/example_branch_operator.py
[2024-12-06T10:38:21.746+0000] {processor.py:914} INFO - Processing file /home/airflow/.local/lib/python3.12/site-packages/airflow/example_dags/example_branch_operator.py for tasks to queue
[2024-12-06T10:38:21.749+0000] {logging_mixin.py:190} INFO - [2024-12-06T10:38:21.749+0000] {dagbag.py:588} INFO - Filling up the DagBag from /home/airflow/.local/lib/python3.12/site-packages/airflow/example_dags/example_branch_operator.py
[2024-12-06T10:38:21.775+0000] {processor.py:925} INFO - DAG(s) 'example_branch_operator' retrieved from /home/airflow/.local/lib/python3.12/site-packages/airflow/example_dags/example_branch_operator.py
[2024-12-06T10:38:21.815+0000] {logging_mixin.py:190} INFO - [2024-12-06T10:38:21.814+0000] {dag.py:3239} INFO - Sync 1 DAGs
[2024-12-06T10:38:21.845+0000] {logging_mixin.py:190} INFO - [2024-12-06T10:38:21.844+0000] {dag.py:4180} INFO - Setting next_dagrun for example_branch_operator to 2024-12-05 00:00:00+00:00, run_after=2024-12-06 00:00:00+00:00
[2024-12-06T10:38:21.872+0000] {processor.py:208} INFO - Processing /home/airflow/.local/lib/python3.12/site-packages/airflow/example_dags/example_branch_operator.py took 0.137 seconds
[2024-12-06T10:38:52.173+0000] {processor.py:186} INFO - Started process (PID=241) to work on /home/airflow/.local/lib/python3.12/site-packages/airflow/example_dags/example_branch_operator.py
[2024-12-06T10:38:52.178+0000] {processor.py:914} INFO - Processing file /home/airflow/.local/lib/python3.12/site-packages/airflow/example_dags/example_branch_operator.py for tasks to queue
[2024-12-06T10:38:52.185+0000] {logging_mixin.py:190} INFO - [2024-12-06T10:38:52.180+0000] {dagbag.py:588} INFO - Filling up the DagBag from /home/airflow/.local/lib/python3.12/site-packages/airflow/example_dags/example_branch_operator.py
[2024-12-06T10:38:52.221+0000] {processor.py:925} INFO - DAG(s) 'example_branch_operator' retrieved from /home/airflow/.local/lib/python3.12/site-packages/airflow/example_dags/example_branch_operator.py
[2024-12-06T10:38:52.276+0000] {logging_mixin.py:190} INFO - [2024-12-06T10:38:52.276+0000] {dag.py:3239} INFO - Sync 1 DAGs
[2024-12-06T10:38:52.320+0000] {logging_mixin.py:190} INFO - [2024-12-06T10:38:52.319+0000] {dag.py:4180} INFO - Setting next_dagrun for example_branch_operator to 2024-12-05 00:00:00+00:00, run_after=2024-12-06 00:00:00+00:00
[2024-12-06T10:38:52.350+0000] {processor.py:208} INFO - Processing /home/airflow/.local/lib/python3.12/site-packages/airflow/example_dags/example_branch_operator.py took 0.186 seconds
[2024-12-06T10:39:23.240+0000] {processor.py:186} INFO - Started process (PID=303) to work on /home/airflow/.local/lib/python3.12/site-packages/airflow/example_dags/example_branch_operator.py
[2024-12-06T10:39:23.242+0000] {processor.py:914} INFO - Processing file /home/airflow/.local/lib/python3.12/site-packages/airflow/example_dags/example_branch_operator.py for tasks to queue
[2024-12-06T10:39:23.248+0000] {logging_mixin.py:190} INFO - [2024-12-06T10:39:23.247+0000] {dagbag.py:588} INFO - Filling up the DagBag from /home/airflow/.local/lib/python3.12/site-packages/airflow/example_dags/example_branch_operator.py
[2024-12-06T10:39:23.281+0000] {processor.py:925} INFO - DAG(s) 'example_branch_operator' retrieved from /home/airflow/.local/lib/python3.12/site-packages/airflow/example_dags/example_branch_operator.py
[2024-12-06T10:39:23.320+0000] {logging_mixin.py:190} INFO - [2024-12-06T10:39:23.320+0000] {dag.py:3239} INFO - Sync 1 DAGs
[2024-12-06T10:39:23.351+0000] {logging_mixin.py:190} INFO - [2024-12-06T10:39:23.350+0000] {dag.py:4180} INFO - Setting next_dagrun for example_branch_operator to 2024-12-05 00:00:00+00:00, run_after=2024-12-06 00:00:00+00:00
[2024-12-06T10:39:23.378+0000] {processor.py:208} INFO - Processing /home/airflow/.local/lib/python3.12/site-packages/airflow/example_dags/example_branch_operator.py took 0.153 seconds
[2024-12-06T10:39:54.219+0000] {processor.py:186} INFO - Started process (PID=367) to work on /home/airflow/.local/lib/python3.12/site-packages/airflow/example_dags/example_branch_operator.py
[2024-12-06T10:39:54.220+0000] {processor.py:914} INFO - Processing file /home/airflow/.local/lib/python3.12/site-packages/airflow/example_dags/example_branch_operator.py for tasks to queue
[2024-12-06T10:39:54.223+0000] {logging_mixin.py:190} INFO - [2024-12-06T10:39:54.223+0000] {dagbag.py:588} INFO - Filling up the DagBag from /home/airflow/.local/lib/python3.12/site-packages/airflow/example_dags/example_branch_operator.py
[2024-12-06T10:39:54.247+0000] {processor.py:925} INFO - DAG(s) 'example_branch_operator' retrieved from /home/airflow/.local/lib/python3.12/site-packages/airflow/example_dags/example_branch_operator.py
[2024-12-06T10:39:54.290+0000] {logging_mixin.py:190} INFO - [2024-12-06T10:39:54.289+0000] {dag.py:3239} INFO - Sync 1 DAGs
[2024-12-06T10:39:54.323+0000] {logging_mixin.py:190} INFO - [2024-12-06T10:39:54.323+0000] {dag.py:4180} INFO - Setting next_dagrun for example_branch_operator to 2024-12-05 00:00:00+00:00, run_after=2024-12-06 00:00:00+00:00
[2024-12-06T10:39:54.353+0000] {processor.py:208} INFO - Processing /home/airflow/.local/lib/python3.12/site-packages/airflow/example_dags/example_branch_operator.py took 0.142 seconds
