[2024-12-06T10:37:44.650+0000] {processor.py:186} INFO - Started process (PID=96) to work on /home/airflow/.local/lib/python3.12/site-packages/airflow/example_dags/example_datasets.py
[2024-12-06T10:37:44.652+0000] {processor.py:914} INFO - Processing file /home/airflow/.local/lib/python3.12/site-packages/airflow/example_dags/example_datasets.py for tasks to queue
[2024-12-06T10:37:44.658+0000] {logging_mixin.py:190} INFO - [2024-12-06T10:37:44.657+0000] {dagbag.py:588} INFO - Filling up the DagBag from /home/airflow/.local/lib/python3.12/site-packages/airflow/example_dags/example_datasets.py
[2024-12-06T10:37:46.138+0000] {processor.py:925} INFO - DAG(s) 'dataset_produces_1', 'conditional_dataset_and_time_based_timetable', 'dataset_consumes_1', 'dataset_consumes_1_and_2', 'dataset_produces_2', 'consume_1_or_both_2_and_3_with_dataset_expressions', 'dataset_consumes_1_never_scheduled', 'consume_1_or_2_with_dataset_expressions', 'consume_1_and_2_with_dataset_expressions', 'dataset_consumes_unknown_never_scheduled' retrieved from /home/airflow/.local/lib/python3.12/site-packages/airflow/example_dags/example_datasets.py
[2024-12-06T10:37:46.242+0000] {logging_mixin.py:190} INFO - [2024-12-06T10:37:46.242+0000] {dag.py:3239} INFO - Sync 10 DAGs
[2024-12-06T10:37:46.310+0000] {logging_mixin.py:190} INFO - [2024-12-06T10:37:46.310+0000] {dag.py:4180} INFO - Setting next_dagrun for conditional_dataset_and_time_based_timetable to 2024-12-04 01:00:00+00:00, run_after=2024-12-04 01:00:00+00:00
[2024-12-06T10:37:46.320+0000] {logging_mixin.py:190} INFO - [2024-12-06T10:37:46.319+0000] {dag.py:4180} INFO - Setting next_dagrun for consume_1_and_2_with_dataset_expressions to None, run_after=None
[2024-12-06T10:37:46.325+0000] {logging_mixin.py:190} INFO - [2024-12-06T10:37:46.325+0000] {dag.py:4180} INFO - Setting next_dagrun for consume_1_or_2_with_dataset_expressions to None, run_after=None
[2024-12-06T10:37:46.328+0000] {logging_mixin.py:190} INFO - [2024-12-06T10:37:46.328+0000] {dag.py:4180} INFO - Setting next_dagrun for consume_1_or_both_2_and_3_with_dataset_expressions to None, run_after=None
[2024-12-06T10:37:46.331+0000] {logging_mixin.py:190} INFO - [2024-12-06T10:37:46.331+0000] {dag.py:4180} INFO - Setting next_dagrun for dataset_consumes_1 to None, run_after=None
[2024-12-06T10:37:46.335+0000] {logging_mixin.py:190} INFO - [2024-12-06T10:37:46.335+0000] {dag.py:4180} INFO - Setting next_dagrun for dataset_consumes_1_and_2 to None, run_after=None
[2024-12-06T10:37:46.340+0000] {logging_mixin.py:190} INFO - [2024-12-06T10:37:46.339+0000] {dag.py:4180} INFO - Setting next_dagrun for dataset_consumes_1_never_scheduled to None, run_after=None
[2024-12-06T10:37:46.343+0000] {logging_mixin.py:190} INFO - [2024-12-06T10:37:46.343+0000] {dag.py:4180} INFO - Setting next_dagrun for dataset_consumes_unknown_never_scheduled to None, run_after=None
[2024-12-06T10:37:46.349+0000] {logging_mixin.py:190} INFO - [2024-12-06T10:37:46.349+0000] {dag.py:4180} INFO - Setting next_dagrun for dataset_produces_1 to 2024-12-05 00:00:00+00:00, run_after=2024-12-06 00:00:00+00:00
[2024-12-06T10:37:46.353+0000] {logging_mixin.py:190} INFO - [2024-12-06T10:37:46.353+0000] {dag.py:4180} INFO - Setting next_dagrun for dataset_produces_2 to None, run_after=None
[2024-12-06T10:37:46.504+0000] {processor.py:208} INFO - Processing /home/airflow/.local/lib/python3.12/site-packages/airflow/example_dags/example_datasets.py took 1.868 seconds
[2024-12-06T10:38:16.764+0000] {processor.py:186} INFO - Started process (PID=162) to work on /home/airflow/.local/lib/python3.12/site-packages/airflow/example_dags/example_datasets.py
[2024-12-06T10:38:16.766+0000] {processor.py:914} INFO - Processing file /home/airflow/.local/lib/python3.12/site-packages/airflow/example_dags/example_datasets.py for tasks to queue
[2024-12-06T10:38:16.771+0000] {logging_mixin.py:190} INFO - [2024-12-06T10:38:16.770+0000] {dagbag.py:588} INFO - Filling up the DagBag from /home/airflow/.local/lib/python3.12/site-packages/airflow/example_dags/example_datasets.py
[2024-12-06T10:38:17.755+0000] {processor.py:925} INFO - DAG(s) 'dataset_consumes_1', 'dataset_produces_1', 'conditional_dataset_and_time_based_timetable', 'dataset_produces_2', 'consume_1_or_2_with_dataset_expressions', 'dataset_consumes_unknown_never_scheduled', 'consume_1_and_2_with_dataset_expressions', 'consume_1_or_both_2_and_3_with_dataset_expressions', 'dataset_consumes_1_and_2', 'dataset_consumes_1_never_scheduled' retrieved from /home/airflow/.local/lib/python3.12/site-packages/airflow/example_dags/example_datasets.py
[2024-12-06T10:38:17.843+0000] {logging_mixin.py:190} INFO - [2024-12-06T10:38:17.843+0000] {dag.py:3239} INFO - Sync 10 DAGs
[2024-12-06T10:38:17.889+0000] {logging_mixin.py:190} INFO - [2024-12-06T10:38:17.889+0000] {dag.py:4180} INFO - Setting next_dagrun for conditional_dataset_and_time_based_timetable to 2024-12-04 01:00:00+00:00, run_after=2024-12-04 01:00:00+00:00
[2024-12-06T10:38:17.896+0000] {logging_mixin.py:190} INFO - [2024-12-06T10:38:17.895+0000] {dag.py:4180} INFO - Setting next_dagrun for consume_1_and_2_with_dataset_expressions to None, run_after=None
[2024-12-06T10:38:17.898+0000] {logging_mixin.py:190} INFO - [2024-12-06T10:38:17.898+0000] {dag.py:4180} INFO - Setting next_dagrun for consume_1_or_2_with_dataset_expressions to None, run_after=None
[2024-12-06T10:38:17.903+0000] {logging_mixin.py:190} INFO - [2024-12-06T10:38:17.902+0000] {dag.py:4180} INFO - Setting next_dagrun for consume_1_or_both_2_and_3_with_dataset_expressions to None, run_after=None
[2024-12-06T10:38:17.906+0000] {logging_mixin.py:190} INFO - [2024-12-06T10:38:17.906+0000] {dag.py:4180} INFO - Setting next_dagrun for dataset_consumes_1 to None, run_after=None
[2024-12-06T10:38:17.909+0000] {logging_mixin.py:190} INFO - [2024-12-06T10:38:17.909+0000] {dag.py:4180} INFO - Setting next_dagrun for dataset_consumes_1_and_2 to None, run_after=None
[2024-12-06T10:38:17.912+0000] {logging_mixin.py:190} INFO - [2024-12-06T10:38:17.912+0000] {dag.py:4180} INFO - Setting next_dagrun for dataset_consumes_1_never_scheduled to None, run_after=None
[2024-12-06T10:38:17.915+0000] {logging_mixin.py:190} INFO - [2024-12-06T10:38:17.914+0000] {dag.py:4180} INFO - Setting next_dagrun for dataset_consumes_unknown_never_scheduled to None, run_after=None
[2024-12-06T10:38:17.921+0000] {logging_mixin.py:190} INFO - [2024-12-06T10:38:17.921+0000] {dag.py:4180} INFO - Setting next_dagrun for dataset_produces_1 to 2024-12-05 00:00:00+00:00, run_after=2024-12-06 00:00:00+00:00
[2024-12-06T10:38:17.924+0000] {logging_mixin.py:190} INFO - [2024-12-06T10:38:17.924+0000] {dag.py:4180} INFO - Setting next_dagrun for dataset_produces_2 to None, run_after=None
[2024-12-06T10:38:18.005+0000] {processor.py:208} INFO - Processing /home/airflow/.local/lib/python3.12/site-packages/airflow/example_dags/example_datasets.py took 1.254 seconds
[2024-12-06T10:38:48.186+0000] {processor.py:186} INFO - Started process (PID=225) to work on /home/airflow/.local/lib/python3.12/site-packages/airflow/example_dags/example_datasets.py
[2024-12-06T10:38:48.191+0000] {processor.py:914} INFO - Processing file /home/airflow/.local/lib/python3.12/site-packages/airflow/example_dags/example_datasets.py for tasks to queue
[2024-12-06T10:38:48.198+0000] {logging_mixin.py:190} INFO - [2024-12-06T10:38:48.197+0000] {dagbag.py:588} INFO - Filling up the DagBag from /home/airflow/.local/lib/python3.12/site-packages/airflow/example_dags/example_datasets.py
[2024-12-06T10:38:48.979+0000] {processor.py:925} INFO - DAG(s) 'dataset_produces_2', 'dataset_produces_1', 'dataset_consumes_1_and_2', 'conditional_dataset_and_time_based_timetable', 'consume_1_and_2_with_dataset_expressions', 'consume_1_or_2_with_dataset_expressions', 'dataset_consumes_1', 'dataset_consumes_1_never_scheduled', 'dataset_consumes_unknown_never_scheduled', 'consume_1_or_both_2_and_3_with_dataset_expressions' retrieved from /home/airflow/.local/lib/python3.12/site-packages/airflow/example_dags/example_datasets.py
[2024-12-06T10:38:49.041+0000] {logging_mixin.py:190} INFO - [2024-12-06T10:38:49.041+0000] {dag.py:3239} INFO - Sync 10 DAGs
[2024-12-06T10:38:49.073+0000] {logging_mixin.py:190} INFO - [2024-12-06T10:38:49.073+0000] {dag.py:4180} INFO - Setting next_dagrun for conditional_dataset_and_time_based_timetable to 2024-12-04 01:00:00+00:00, run_after=2024-12-04 01:00:00+00:00
[2024-12-06T10:38:49.078+0000] {logging_mixin.py:190} INFO - [2024-12-06T10:38:49.078+0000] {dag.py:4180} INFO - Setting next_dagrun for consume_1_and_2_with_dataset_expressions to None, run_after=None
[2024-12-06T10:38:49.081+0000] {logging_mixin.py:190} INFO - [2024-12-06T10:38:49.080+0000] {dag.py:4180} INFO - Setting next_dagrun for consume_1_or_2_with_dataset_expressions to None, run_after=None
[2024-12-06T10:38:49.083+0000] {logging_mixin.py:190} INFO - [2024-12-06T10:38:49.082+0000] {dag.py:4180} INFO - Setting next_dagrun for consume_1_or_both_2_and_3_with_dataset_expressions to None, run_after=None
[2024-12-06T10:38:49.087+0000] {logging_mixin.py:190} INFO - [2024-12-06T10:38:49.087+0000] {dag.py:4180} INFO - Setting next_dagrun for dataset_consumes_1 to None, run_after=None
[2024-12-06T10:38:49.090+0000] {logging_mixin.py:190} INFO - [2024-12-06T10:38:49.089+0000] {dag.py:4180} INFO - Setting next_dagrun for dataset_consumes_1_and_2 to None, run_after=None
[2024-12-06T10:38:49.092+0000] {logging_mixin.py:190} INFO - [2024-12-06T10:38:49.092+0000] {dag.py:4180} INFO - Setting next_dagrun for dataset_consumes_1_never_scheduled to None, run_after=None
[2024-12-06T10:38:49.094+0000] {logging_mixin.py:190} INFO - [2024-12-06T10:38:49.094+0000] {dag.py:4180} INFO - Setting next_dagrun for dataset_consumes_unknown_never_scheduled to None, run_after=None
[2024-12-06T10:38:49.098+0000] {logging_mixin.py:190} INFO - [2024-12-06T10:38:49.098+0000] {dag.py:4180} INFO - Setting next_dagrun for dataset_produces_1 to 2024-12-05 00:00:00+00:00, run_after=2024-12-06 00:00:00+00:00
[2024-12-06T10:38:49.100+0000] {logging_mixin.py:190} INFO - [2024-12-06T10:38:49.100+0000] {dag.py:4180} INFO - Setting next_dagrun for dataset_produces_2 to None, run_after=None
[2024-12-06T10:38:49.152+0000] {processor.py:208} INFO - Processing /home/airflow/.local/lib/python3.12/site-packages/airflow/example_dags/example_datasets.py took 0.992 seconds
[2024-12-06T10:39:19.236+0000] {processor.py:186} INFO - Started process (PID=288) to work on /home/airflow/.local/lib/python3.12/site-packages/airflow/example_dags/example_datasets.py
[2024-12-06T10:39:19.237+0000] {processor.py:914} INFO - Processing file /home/airflow/.local/lib/python3.12/site-packages/airflow/example_dags/example_datasets.py for tasks to queue
[2024-12-06T10:39:19.240+0000] {logging_mixin.py:190} INFO - [2024-12-06T10:39:19.240+0000] {dagbag.py:588} INFO - Filling up the DagBag from /home/airflow/.local/lib/python3.12/site-packages/airflow/example_dags/example_datasets.py
[2024-12-06T10:39:20.030+0000] {processor.py:925} INFO - DAG(s) 'consume_1_and_2_with_dataset_expressions', 'dataset_produces_2', 'consume_1_or_2_with_dataset_expressions', 'dataset_consumes_1_and_2', 'dataset_consumes_unknown_never_scheduled', 'conditional_dataset_and_time_based_timetable', 'dataset_consumes_1_never_scheduled', 'consume_1_or_both_2_and_3_with_dataset_expressions', 'dataset_consumes_1', 'dataset_produces_1' retrieved from /home/airflow/.local/lib/python3.12/site-packages/airflow/example_dags/example_datasets.py
[2024-12-06T10:39:20.096+0000] {logging_mixin.py:190} INFO - [2024-12-06T10:39:20.096+0000] {dag.py:3239} INFO - Sync 10 DAGs
[2024-12-06T10:39:20.130+0000] {logging_mixin.py:190} INFO - [2024-12-06T10:39:20.129+0000] {dag.py:4180} INFO - Setting next_dagrun for conditional_dataset_and_time_based_timetable to 2024-12-04 01:00:00+00:00, run_after=2024-12-04 01:00:00+00:00
[2024-12-06T10:39:20.135+0000] {logging_mixin.py:190} INFO - [2024-12-06T10:39:20.135+0000] {dag.py:4180} INFO - Setting next_dagrun for consume_1_and_2_with_dataset_expressions to None, run_after=None
[2024-12-06T10:39:20.138+0000] {logging_mixin.py:190} INFO - [2024-12-06T10:39:20.138+0000] {dag.py:4180} INFO - Setting next_dagrun for consume_1_or_2_with_dataset_expressions to None, run_after=None
[2024-12-06T10:39:20.140+0000] {logging_mixin.py:190} INFO - [2024-12-06T10:39:20.140+0000] {dag.py:4180} INFO - Setting next_dagrun for consume_1_or_both_2_and_3_with_dataset_expressions to None, run_after=None
[2024-12-06T10:39:20.143+0000] {logging_mixin.py:190} INFO - [2024-12-06T10:39:20.142+0000] {dag.py:4180} INFO - Setting next_dagrun for dataset_consumes_1 to None, run_after=None
[2024-12-06T10:39:20.145+0000] {logging_mixin.py:190} INFO - [2024-12-06T10:39:20.145+0000] {dag.py:4180} INFO - Setting next_dagrun for dataset_consumes_1_and_2 to None, run_after=None
[2024-12-06T10:39:20.147+0000] {logging_mixin.py:190} INFO - [2024-12-06T10:39:20.147+0000] {dag.py:4180} INFO - Setting next_dagrun for dataset_consumes_1_never_scheduled to None, run_after=None
[2024-12-06T10:39:20.150+0000] {logging_mixin.py:190} INFO - [2024-12-06T10:39:20.150+0000] {dag.py:4180} INFO - Setting next_dagrun for dataset_consumes_unknown_never_scheduled to None, run_after=None
[2024-12-06T10:39:20.154+0000] {logging_mixin.py:190} INFO - [2024-12-06T10:39:20.154+0000] {dag.py:4180} INFO - Setting next_dagrun for dataset_produces_1 to 2024-12-05 00:00:00+00:00, run_after=2024-12-06 00:00:00+00:00
[2024-12-06T10:39:20.156+0000] {logging_mixin.py:190} INFO - [2024-12-06T10:39:20.156+0000] {dag.py:4180} INFO - Setting next_dagrun for dataset_produces_2 to None, run_after=None
[2024-12-06T10:39:20.206+0000] {processor.py:208} INFO - Processing /home/airflow/.local/lib/python3.12/site-packages/airflow/example_dags/example_datasets.py took 0.980 seconds
[2024-12-06T10:39:50.395+0000] {processor.py:186} INFO - Started process (PID=357) to work on /home/airflow/.local/lib/python3.12/site-packages/airflow/example_dags/example_datasets.py
[2024-12-06T10:39:50.397+0000] {processor.py:914} INFO - Processing file /home/airflow/.local/lib/python3.12/site-packages/airflow/example_dags/example_datasets.py for tasks to queue
[2024-12-06T10:39:50.402+0000] {logging_mixin.py:190} INFO - [2024-12-06T10:39:50.401+0000] {dagbag.py:588} INFO - Filling up the DagBag from /home/airflow/.local/lib/python3.12/site-packages/airflow/example_dags/example_datasets.py
[2024-12-06T10:39:51.448+0000] {processor.py:925} INFO - DAG(s) 'conditional_dataset_and_time_based_timetable', 'consume_1_or_both_2_and_3_with_dataset_expressions', 'consume_1_or_2_with_dataset_expressions', 'dataset_consumes_1', 'dataset_consumes_1_and_2', 'dataset_produces_1', 'dataset_produces_2', 'dataset_consumes_unknown_never_scheduled', 'consume_1_and_2_with_dataset_expressions', 'dataset_consumes_1_never_scheduled' retrieved from /home/airflow/.local/lib/python3.12/site-packages/airflow/example_dags/example_datasets.py
[2024-12-06T10:39:51.509+0000] {logging_mixin.py:190} INFO - [2024-12-06T10:39:51.509+0000] {dag.py:3239} INFO - Sync 10 DAGs
[2024-12-06T10:39:51.542+0000] {logging_mixin.py:190} INFO - [2024-12-06T10:39:51.542+0000] {dag.py:4180} INFO - Setting next_dagrun for conditional_dataset_and_time_based_timetable to 2024-12-04 01:00:00+00:00, run_after=2024-12-04 01:00:00+00:00
[2024-12-06T10:39:51.547+0000] {logging_mixin.py:190} INFO - [2024-12-06T10:39:51.547+0000] {dag.py:4180} INFO - Setting next_dagrun for consume_1_and_2_with_dataset_expressions to None, run_after=None
[2024-12-06T10:39:51.549+0000] {logging_mixin.py:190} INFO - [2024-12-06T10:39:51.549+0000] {dag.py:4180} INFO - Setting next_dagrun for consume_1_or_2_with_dataset_expressions to None, run_after=None
[2024-12-06T10:39:51.552+0000] {logging_mixin.py:190} INFO - [2024-12-06T10:39:51.552+0000] {dag.py:4180} INFO - Setting next_dagrun for consume_1_or_both_2_and_3_with_dataset_expressions to None, run_after=None
[2024-12-06T10:39:51.554+0000] {logging_mixin.py:190} INFO - [2024-12-06T10:39:51.554+0000] {dag.py:4180} INFO - Setting next_dagrun for dataset_consumes_1 to None, run_after=None
[2024-12-06T10:39:51.557+0000] {logging_mixin.py:190} INFO - [2024-12-06T10:39:51.556+0000] {dag.py:4180} INFO - Setting next_dagrun for dataset_consumes_1_and_2 to None, run_after=None
[2024-12-06T10:39:51.559+0000] {logging_mixin.py:190} INFO - [2024-12-06T10:39:51.559+0000] {dag.py:4180} INFO - Setting next_dagrun for dataset_consumes_1_never_scheduled to None, run_after=None
[2024-12-06T10:39:51.561+0000] {logging_mixin.py:190} INFO - [2024-12-06T10:39:51.561+0000] {dag.py:4180} INFO - Setting next_dagrun for dataset_consumes_unknown_never_scheduled to None, run_after=None
[2024-12-06T10:39:51.565+0000] {logging_mixin.py:190} INFO - [2024-12-06T10:39:51.565+0000] {dag.py:4180} INFO - Setting next_dagrun for dataset_produces_1 to 2024-12-05 00:00:00+00:00, run_after=2024-12-06 00:00:00+00:00
[2024-12-06T10:39:51.568+0000] {logging_mixin.py:190} INFO - [2024-12-06T10:39:51.568+0000] {dag.py:4180} INFO - Setting next_dagrun for dataset_produces_2 to None, run_after=None
[2024-12-06T10:39:51.632+0000] {processor.py:208} INFO - Processing /home/airflow/.local/lib/python3.12/site-packages/airflow/example_dags/example_datasets.py took 1.249 seconds
