[2024-12-06T10:37:45.509+0000] {processor.py:186} INFO - Started process (PID=100) to work on /home/airflow/.local/lib/python3.12/site-packages/airflow/example_dags/example_inlet_event_extra.py
[2024-12-06T10:37:45.511+0000] {processor.py:914} INFO - Processing file /home/airflow/.local/lib/python3.12/site-packages/airflow/example_dags/example_inlet_event_extra.py for tasks to queue
[2024-12-06T10:37:45.516+0000] {logging_mixin.py:190} INFO - [2024-12-06T10:37:45.515+0000] {dagbag.py:588} INFO - Filling up the DagBag from /home/airflow/.local/lib/python3.12/site-packages/airflow/example_dags/example_inlet_event_extra.py
[2024-12-06T10:37:47.021+0000] {processor.py:925} INFO - DAG(s) 'read_dataset_event', 'read_dataset_event_from_classic' retrieved from /home/airflow/.local/lib/python3.12/site-packages/airflow/example_dags/example_inlet_event_extra.py
[2024-12-06T10:37:47.106+0000] {logging_mixin.py:190} INFO - [2024-12-06T10:37:47.105+0000] {dag.py:3239} INFO - Sync 2 DAGs
[2024-12-06T10:37:47.163+0000] {logging_mixin.py:190} INFO - [2024-12-06T10:37:47.163+0000] {dag.py:4180} INFO - Setting next_dagrun for read_dataset_event to 2024-12-05 00:00:00+00:00, run_after=2024-12-06 00:00:00+00:00
[2024-12-06T10:37:47.176+0000] {logging_mixin.py:190} INFO - [2024-12-06T10:37:47.175+0000] {dag.py:4180} INFO - Setting next_dagrun for read_dataset_event_from_classic to 2024-12-05 00:00:00+00:00, run_after=2024-12-06 00:00:00+00:00
[2024-12-06T10:37:47.214+0000] {processor.py:208} INFO - Processing /home/airflow/.local/lib/python3.12/site-packages/airflow/example_dags/example_inlet_event_extra.py took 1.722 seconds
[2024-12-06T10:38:17.584+0000] {processor.py:186} INFO - Started process (PID=163) to work on /home/airflow/.local/lib/python3.12/site-packages/airflow/example_dags/example_inlet_event_extra.py
[2024-12-06T10:38:17.586+0000] {processor.py:914} INFO - Processing file /home/airflow/.local/lib/python3.12/site-packages/airflow/example_dags/example_inlet_event_extra.py for tasks to queue
[2024-12-06T10:38:17.592+0000] {logging_mixin.py:190} INFO - [2024-12-06T10:38:17.591+0000] {dagbag.py:588} INFO - Filling up the DagBag from /home/airflow/.local/lib/python3.12/site-packages/airflow/example_dags/example_inlet_event_extra.py
[2024-12-06T10:38:18.624+0000] {processor.py:925} INFO - DAG(s) 'read_dataset_event_from_classic', 'read_dataset_event' retrieved from /home/airflow/.local/lib/python3.12/site-packages/airflow/example_dags/example_inlet_event_extra.py
[2024-12-06T10:38:18.662+0000] {logging_mixin.py:190} INFO - [2024-12-06T10:38:18.661+0000] {dag.py:3239} INFO - Sync 2 DAGs
[2024-12-06T10:38:18.709+0000] {logging_mixin.py:190} INFO - [2024-12-06T10:38:18.708+0000] {dag.py:4180} INFO - Setting next_dagrun for read_dataset_event to 2024-12-05 00:00:00+00:00, run_after=2024-12-06 00:00:00+00:00
[2024-12-06T10:38:18.721+0000] {logging_mixin.py:190} INFO - [2024-12-06T10:38:18.720+0000] {dag.py:4180} INFO - Setting next_dagrun for read_dataset_event_from_classic to 2024-12-05 00:00:00+00:00, run_after=2024-12-06 00:00:00+00:00
[2024-12-06T10:38:18.755+0000] {processor.py:208} INFO - Processing /home/airflow/.local/lib/python3.12/site-packages/airflow/example_dags/example_inlet_event_extra.py took 1.183 seconds
[2024-12-06T10:38:48.924+0000] {processor.py:186} INFO - Started process (PID=228) to work on /home/airflow/.local/lib/python3.12/site-packages/airflow/example_dags/example_inlet_event_extra.py
[2024-12-06T10:38:48.925+0000] {processor.py:914} INFO - Processing file /home/airflow/.local/lib/python3.12/site-packages/airflow/example_dags/example_inlet_event_extra.py for tasks to queue
[2024-12-06T10:38:48.929+0000] {logging_mixin.py:190} INFO - [2024-12-06T10:38:48.928+0000] {dagbag.py:588} INFO - Filling up the DagBag from /home/airflow/.local/lib/python3.12/site-packages/airflow/example_dags/example_inlet_event_extra.py
[2024-12-06T10:38:49.728+0000] {processor.py:925} INFO - DAG(s) 'read_dataset_event', 'read_dataset_event_from_classic' retrieved from /home/airflow/.local/lib/python3.12/site-packages/airflow/example_dags/example_inlet_event_extra.py
[2024-12-06T10:38:49.759+0000] {logging_mixin.py:190} INFO - [2024-12-06T10:38:49.758+0000] {dag.py:3239} INFO - Sync 2 DAGs
[2024-12-06T10:38:49.792+0000] {logging_mixin.py:190} INFO - [2024-12-06T10:38:49.791+0000] {dag.py:4180} INFO - Setting next_dagrun for read_dataset_event to 2024-12-05 00:00:00+00:00, run_after=2024-12-06 00:00:00+00:00
[2024-12-06T10:38:49.799+0000] {logging_mixin.py:190} INFO - [2024-12-06T10:38:49.799+0000] {dag.py:4180} INFO - Setting next_dagrun for read_dataset_event_from_classic to 2024-12-05 00:00:00+00:00, run_after=2024-12-06 00:00:00+00:00
[2024-12-06T10:38:49.826+0000] {processor.py:208} INFO - Processing /home/airflow/.local/lib/python3.12/site-packages/airflow/example_dags/example_inlet_event_extra.py took 0.910 seconds
[2024-12-06T10:39:20.045+0000] {processor.py:186} INFO - Started process (PID=294) to work on /home/airflow/.local/lib/python3.12/site-packages/airflow/example_dags/example_inlet_event_extra.py
[2024-12-06T10:39:20.046+0000] {processor.py:914} INFO - Processing file /home/airflow/.local/lib/python3.12/site-packages/airflow/example_dags/example_inlet_event_extra.py for tasks to queue
[2024-12-06T10:39:20.050+0000] {logging_mixin.py:190} INFO - [2024-12-06T10:39:20.050+0000] {dagbag.py:588} INFO - Filling up the DagBag from /home/airflow/.local/lib/python3.12/site-packages/airflow/example_dags/example_inlet_event_extra.py
[2024-12-06T10:39:20.877+0000] {processor.py:925} INFO - DAG(s) 'read_dataset_event_from_classic', 'read_dataset_event' retrieved from /home/airflow/.local/lib/python3.12/site-packages/airflow/example_dags/example_inlet_event_extra.py
[2024-12-06T10:39:20.904+0000] {logging_mixin.py:190} INFO - [2024-12-06T10:39:20.903+0000] {dag.py:3239} INFO - Sync 2 DAGs
[2024-12-06T10:39:20.938+0000] {logging_mixin.py:190} INFO - [2024-12-06T10:39:20.938+0000] {dag.py:4180} INFO - Setting next_dagrun for read_dataset_event to 2024-12-05 00:00:00+00:00, run_after=2024-12-06 00:00:00+00:00
[2024-12-06T10:39:20.946+0000] {logging_mixin.py:190} INFO - [2024-12-06T10:39:20.946+0000] {dag.py:4180} INFO - Setting next_dagrun for read_dataset_event_from_classic to 2024-12-05 00:00:00+00:00, run_after=2024-12-06 00:00:00+00:00
[2024-12-06T10:39:20.973+0000] {processor.py:208} INFO - Processing /home/airflow/.local/lib/python3.12/site-packages/airflow/example_dags/example_inlet_event_extra.py took 0.937 seconds
[2024-12-06T10:39:51.233+0000] {processor.py:186} INFO - Started process (PID=362) to work on /home/airflow/.local/lib/python3.12/site-packages/airflow/example_dags/example_inlet_event_extra.py
[2024-12-06T10:39:51.234+0000] {processor.py:914} INFO - Processing file /home/airflow/.local/lib/python3.12/site-packages/airflow/example_dags/example_inlet_event_extra.py for tasks to queue
[2024-12-06T10:39:51.240+0000] {logging_mixin.py:190} INFO - [2024-12-06T10:39:51.238+0000] {dagbag.py:588} INFO - Filling up the DagBag from /home/airflow/.local/lib/python3.12/site-packages/airflow/example_dags/example_inlet_event_extra.py
[2024-12-06T10:39:52.157+0000] {processor.py:925} INFO - DAG(s) 'read_dataset_event', 'read_dataset_event_from_classic' retrieved from /home/airflow/.local/lib/python3.12/site-packages/airflow/example_dags/example_inlet_event_extra.py
[2024-12-06T10:39:52.185+0000] {logging_mixin.py:190} INFO - [2024-12-06T10:39:52.185+0000] {dag.py:3239} INFO - Sync 2 DAGs
[2024-12-06T10:39:52.217+0000] {logging_mixin.py:190} INFO - [2024-12-06T10:39:52.216+0000] {dag.py:4180} INFO - Setting next_dagrun for read_dataset_event to 2024-12-05 00:00:00+00:00, run_after=2024-12-06 00:00:00+00:00
[2024-12-06T10:39:52.231+0000] {logging_mixin.py:190} INFO - [2024-12-06T10:39:52.230+0000] {dag.py:4180} INFO - Setting next_dagrun for read_dataset_event_from_classic to 2024-12-05 00:00:00+00:00, run_after=2024-12-06 00:00:00+00:00
[2024-12-06T10:39:52.273+0000] {processor.py:208} INFO - Processing /home/airflow/.local/lib/python3.12/site-packages/airflow/example_dags/example_inlet_event_extra.py took 1.052 seconds
