[2024-12-06T10:37:42.602+0000] {processor.py:186} INFO - Started process (PID=86) to work on /home/airflow/.local/lib/python3.12/site-packages/airflow/example_dags/example_bash_operator.py
[2024-12-06T10:37:42.603+0000] {processor.py:914} INFO - Processing file /home/airflow/.local/lib/python3.12/site-packages/airflow/example_dags/example_bash_operator.py for tasks to queue
[2024-12-06T10:37:42.608+0000] {logging_mixin.py:190} INFO - [2024-12-06T10:37:42.607+0000] {dagbag.py:588} INFO - Filling up the DagBag from /home/airflow/.local/lib/python3.12/site-packages/airflow/example_dags/example_bash_operator.py
[2024-12-06T10:37:42.635+0000] {processor.py:925} INFO - DAG(s) 'example_bash_operator' retrieved from /home/airflow/.local/lib/python3.12/site-packages/airflow/example_dags/example_bash_operator.py
[2024-12-06T10:37:42.688+0000] {logging_mixin.py:190} INFO - [2024-12-06T10:37:42.687+0000] {dag.py:3239} INFO - Sync 1 DAGs
[2024-12-06T10:37:42.733+0000] {logging_mixin.py:190} INFO - [2024-12-06T10:37:42.733+0000] {dag.py:4180} INFO - Setting next_dagrun for example_bash_operator to 2024-12-05 00:00:00+00:00, run_after=2024-12-06 00:00:00+00:00
[2024-12-06T10:37:42.776+0000] {processor.py:208} INFO - Processing /home/airflow/.local/lib/python3.12/site-packages/airflow/example_dags/example_bash_operator.py took 0.182 seconds
[2024-12-06T10:38:13.414+0000] {processor.py:186} INFO - Started process (PID=148) to work on /home/airflow/.local/lib/python3.12/site-packages/airflow/example_dags/example_bash_operator.py
[2024-12-06T10:38:13.415+0000] {processor.py:914} INFO - Processing file /home/airflow/.local/lib/python3.12/site-packages/airflow/example_dags/example_bash_operator.py for tasks to queue
[2024-12-06T10:38:13.419+0000] {logging_mixin.py:190} INFO - [2024-12-06T10:38:13.418+0000] {dagbag.py:588} INFO - Filling up the DagBag from /home/airflow/.local/lib/python3.12/site-packages/airflow/example_dags/example_bash_operator.py
[2024-12-06T10:38:13.435+0000] {processor.py:925} INFO - DAG(s) 'example_bash_operator' retrieved from /home/airflow/.local/lib/python3.12/site-packages/airflow/example_dags/example_bash_operator.py
[2024-12-06T10:38:13.471+0000] {logging_mixin.py:190} INFO - [2024-12-06T10:38:13.471+0000] {dag.py:3239} INFO - Sync 1 DAGs
[2024-12-06T10:38:13.501+0000] {logging_mixin.py:190} INFO - [2024-12-06T10:38:13.501+0000] {dag.py:4180} INFO - Setting next_dagrun for example_bash_operator to 2024-12-05 00:00:00+00:00, run_after=2024-12-06 00:00:00+00:00
[2024-12-06T10:38:13.530+0000] {processor.py:208} INFO - Processing /home/airflow/.local/lib/python3.12/site-packages/airflow/example_dags/example_bash_operator.py took 0.124 seconds
[2024-12-06T10:38:44.494+0000] {processor.py:186} INFO - Started process (PID=211) to work on /home/airflow/.local/lib/python3.12/site-packages/airflow/example_dags/example_bash_operator.py
[2024-12-06T10:38:44.497+0000] {processor.py:914} INFO - Processing file /home/airflow/.local/lib/python3.12/site-packages/airflow/example_dags/example_bash_operator.py for tasks to queue
[2024-12-06T10:38:44.504+0000] {logging_mixin.py:190} INFO - [2024-12-06T10:38:44.504+0000] {dagbag.py:588} INFO - Filling up the DagBag from /home/airflow/.local/lib/python3.12/site-packages/airflow/example_dags/example_bash_operator.py
[2024-12-06T10:38:44.539+0000] {processor.py:925} INFO - DAG(s) 'example_bash_operator' retrieved from /home/airflow/.local/lib/python3.12/site-packages/airflow/example_dags/example_bash_operator.py
[2024-12-06T10:38:44.600+0000] {logging_mixin.py:190} INFO - [2024-12-06T10:38:44.600+0000] {dag.py:3239} INFO - Sync 1 DAGs
[2024-12-06T10:38:44.653+0000] {logging_mixin.py:190} INFO - [2024-12-06T10:38:44.653+0000] {dag.py:4180} INFO - Setting next_dagrun for example_bash_operator to 2024-12-05 00:00:00+00:00, run_after=2024-12-06 00:00:00+00:00
[2024-12-06T10:38:44.704+0000] {processor.py:208} INFO - Processing /home/airflow/.local/lib/python3.12/site-packages/airflow/example_dags/example_bash_operator.py took 0.226 seconds
[2024-12-06T10:39:14.927+0000] {processor.py:186} INFO - Started process (PID=275) to work on /home/airflow/.local/lib/python3.12/site-packages/airflow/example_dags/example_bash_operator.py
[2024-12-06T10:39:14.928+0000] {processor.py:914} INFO - Processing file /home/airflow/.local/lib/python3.12/site-packages/airflow/example_dags/example_bash_operator.py for tasks to queue
[2024-12-06T10:39:14.932+0000] {logging_mixin.py:190} INFO - [2024-12-06T10:39:14.931+0000] {dagbag.py:588} INFO - Filling up the DagBag from /home/airflow/.local/lib/python3.12/site-packages/airflow/example_dags/example_bash_operator.py
[2024-12-06T10:39:14.950+0000] {processor.py:925} INFO - DAG(s) 'example_bash_operator' retrieved from /home/airflow/.local/lib/python3.12/site-packages/airflow/example_dags/example_bash_operator.py
[2024-12-06T10:39:14.988+0000] {logging_mixin.py:190} INFO - [2024-12-06T10:39:14.987+0000] {dag.py:3239} INFO - Sync 1 DAGs
[2024-12-06T10:39:15.032+0000] {logging_mixin.py:190} INFO - [2024-12-06T10:39:15.031+0000] {dag.py:4180} INFO - Setting next_dagrun for example_bash_operator to 2024-12-05 00:00:00+00:00, run_after=2024-12-06 00:00:00+00:00
[2024-12-06T10:39:15.090+0000] {processor.py:208} INFO - Processing /home/airflow/.local/lib/python3.12/site-packages/airflow/example_dags/example_bash_operator.py took 0.172 seconds
[2024-12-06T10:39:45.569+0000] {processor.py:186} INFO - Started process (PID=338) to work on /home/airflow/.local/lib/python3.12/site-packages/airflow/example_dags/example_bash_operator.py
[2024-12-06T10:39:45.570+0000] {processor.py:914} INFO - Processing file /home/airflow/.local/lib/python3.12/site-packages/airflow/example_dags/example_bash_operator.py for tasks to queue
[2024-12-06T10:39:45.574+0000] {logging_mixin.py:190} INFO - [2024-12-06T10:39:45.574+0000] {dagbag.py:588} INFO - Filling up the DagBag from /home/airflow/.local/lib/python3.12/site-packages/airflow/example_dags/example_bash_operator.py
[2024-12-06T10:39:45.593+0000] {processor.py:925} INFO - DAG(s) 'example_bash_operator' retrieved from /home/airflow/.local/lib/python3.12/site-packages/airflow/example_dags/example_bash_operator.py
[2024-12-06T10:39:45.640+0000] {logging_mixin.py:190} INFO - [2024-12-06T10:39:45.639+0000] {dag.py:3239} INFO - Sync 1 DAGs
[2024-12-06T10:39:45.675+0000] {logging_mixin.py:190} INFO - [2024-12-06T10:39:45.675+0000] {dag.py:4180} INFO - Setting next_dagrun for example_bash_operator to 2024-12-05 00:00:00+00:00, run_after=2024-12-06 00:00:00+00:00
[2024-12-06T10:39:45.704+0000] {processor.py:208} INFO - Processing /home/airflow/.local/lib/python3.12/site-packages/airflow/example_dags/example_bash_operator.py took 0.144 seconds
