[2024-12-06T10:37:51.610+0000] {processor.py:186} INFO - Started process (PID=122) to work on /home/airflow/.local/lib/python3.12/site-packages/airflow/example_dags/example_subdag_operator.py
[2024-12-06T10:37:51.612+0000] {processor.py:914} INFO - Processing file /home/airflow/.local/lib/python3.12/site-packages/airflow/example_dags/example_subdag_operator.py for tasks to queue
[2024-12-06T10:37:51.617+0000] {logging_mixin.py:190} INFO - [2024-12-06T10:37:51.616+0000] {dagbag.py:588} INFO - Filling up the DagBag from /home/airflow/.local/lib/python3.12/site-packages/airflow/example_dags/example_subdag_operator.py
[2024-12-06T10:37:51.677+0000] {processor.py:925} INFO - DAG(s) 'example_subdag_operator.section-1', 'example_subdag_operator.section-2', 'example_subdag_operator' retrieved from /home/airflow/.local/lib/python3.12/site-packages/airflow/example_dags/example_subdag_operator.py
[2024-12-06T10:37:51.722+0000] {logging_mixin.py:190} INFO - [2024-12-06T10:37:51.722+0000] {dag.py:3239} INFO - Sync 3 DAGs
[2024-12-06T10:37:51.797+0000] {logging_mixin.py:190} INFO - [2024-12-06T10:37:51.796+0000] {dag.py:4180} INFO - Setting next_dagrun for example_subdag_operator to 2022-01-01 00:00:00+00:00, run_after=2022-01-01 00:00:00+00:00
[2024-12-06T10:37:51.804+0000] {logging_mixin.py:190} INFO - [2024-12-06T10:37:51.803+0000] {dag.py:4180} INFO - Setting next_dagrun for example_subdag_operator.section-1 to None, run_after=None
[2024-12-06T10:37:51.807+0000] {logging_mixin.py:190} INFO - [2024-12-06T10:37:51.807+0000] {dag.py:4180} INFO - Setting next_dagrun for example_subdag_operator.section-2 to None, run_after=None
[2024-12-06T10:37:51.823+0000] {logging_mixin.py:190} INFO - [2024-12-06T10:37:51.823+0000] {dag.py:3239} INFO - Sync 2 DAGs
[2024-12-06T10:37:51.835+0000] {logging_mixin.py:190} INFO - [2024-12-06T10:37:51.834+0000] {dag.py:4180} INFO - Setting next_dagrun for example_subdag_operator.section-1 to None, run_after=None
[2024-12-06T10:37:51.836+0000] {logging_mixin.py:190} INFO - [2024-12-06T10:37:51.836+0000] {dag.py:4180} INFO - Setting next_dagrun for example_subdag_operator.section-2 to None, run_after=None
[2024-12-06T10:37:51.868+0000] {processor.py:208} INFO - Processing /home/airflow/.local/lib/python3.12/site-packages/airflow/example_dags/example_subdag_operator.py took 0.272 seconds
[2024-12-06T10:38:22.563+0000] {processor.py:186} INFO - Started process (PID=185) to work on /home/airflow/.local/lib/python3.12/site-packages/airflow/example_dags/example_subdag_operator.py
[2024-12-06T10:38:22.565+0000] {processor.py:914} INFO - Processing file /home/airflow/.local/lib/python3.12/site-packages/airflow/example_dags/example_subdag_operator.py for tasks to queue
[2024-12-06T10:38:22.571+0000] {logging_mixin.py:190} INFO - [2024-12-06T10:38:22.570+0000] {dagbag.py:588} INFO - Filling up the DagBag from /home/airflow/.local/lib/python3.12/site-packages/airflow/example_dags/example_subdag_operator.py
[2024-12-06T10:38:22.613+0000] {processor.py:925} INFO - DAG(s) 'example_subdag_operator.section-1', 'example_subdag_operator.section-2', 'example_subdag_operator' retrieved from /home/airflow/.local/lib/python3.12/site-packages/airflow/example_dags/example_subdag_operator.py
[2024-12-06T10:38:22.639+0000] {logging_mixin.py:190} INFO - [2024-12-06T10:38:22.639+0000] {dag.py:3239} INFO - Sync 3 DAGs
[2024-12-06T10:38:22.681+0000] {logging_mixin.py:190} INFO - [2024-12-06T10:38:22.681+0000] {dag.py:4180} INFO - Setting next_dagrun for example_subdag_operator to 2022-01-01 00:00:00+00:00, run_after=2022-01-01 00:00:00+00:00
[2024-12-06T10:38:22.689+0000] {logging_mixin.py:190} INFO - [2024-12-06T10:38:22.688+0000] {dag.py:4180} INFO - Setting next_dagrun for example_subdag_operator.section-1 to None, run_after=None
[2024-12-06T10:38:22.691+0000] {logging_mixin.py:190} INFO - [2024-12-06T10:38:22.691+0000] {dag.py:4180} INFO - Setting next_dagrun for example_subdag_operator.section-2 to None, run_after=None
[2024-12-06T10:38:22.703+0000] {logging_mixin.py:190} INFO - [2024-12-06T10:38:22.703+0000] {dag.py:3239} INFO - Sync 2 DAGs
[2024-12-06T10:38:22.712+0000] {logging_mixin.py:190} INFO - [2024-12-06T10:38:22.712+0000] {dag.py:4180} INFO - Setting next_dagrun for example_subdag_operator.section-1 to None, run_after=None
[2024-12-06T10:38:22.713+0000] {logging_mixin.py:190} INFO - [2024-12-06T10:38:22.713+0000] {dag.py:4180} INFO - Setting next_dagrun for example_subdag_operator.section-2 to None, run_after=None
[2024-12-06T10:38:22.741+0000] {processor.py:208} INFO - Processing /home/airflow/.local/lib/python3.12/site-packages/airflow/example_dags/example_subdag_operator.py took 0.188 seconds
[2024-12-06T10:38:53.786+0000] {processor.py:186} INFO - Started process (PID=248) to work on /home/airflow/.local/lib/python3.12/site-packages/airflow/example_dags/example_subdag_operator.py
[2024-12-06T10:38:53.787+0000] {processor.py:914} INFO - Processing file /home/airflow/.local/lib/python3.12/site-packages/airflow/example_dags/example_subdag_operator.py for tasks to queue
[2024-12-06T10:38:53.791+0000] {logging_mixin.py:190} INFO - [2024-12-06T10:38:53.791+0000] {dagbag.py:588} INFO - Filling up the DagBag from /home/airflow/.local/lib/python3.12/site-packages/airflow/example_dags/example_subdag_operator.py
[2024-12-06T10:38:53.834+0000] {processor.py:925} INFO - DAG(s) 'example_subdag_operator.section-1', 'example_subdag_operator.section-2', 'example_subdag_operator' retrieved from /home/airflow/.local/lib/python3.12/site-packages/airflow/example_dags/example_subdag_operator.py
[2024-12-06T10:38:53.861+0000] {logging_mixin.py:190} INFO - [2024-12-06T10:38:53.861+0000] {dag.py:3239} INFO - Sync 3 DAGs
[2024-12-06T10:38:53.900+0000] {logging_mixin.py:190} INFO - [2024-12-06T10:38:53.900+0000] {dag.py:4180} INFO - Setting next_dagrun for example_subdag_operator to 2022-01-01 00:00:00+00:00, run_after=2022-01-01 00:00:00+00:00
[2024-12-06T10:38:53.906+0000] {logging_mixin.py:190} INFO - [2024-12-06T10:38:53.906+0000] {dag.py:4180} INFO - Setting next_dagrun for example_subdag_operator.section-1 to None, run_after=None
[2024-12-06T10:38:53.909+0000] {logging_mixin.py:190} INFO - [2024-12-06T10:38:53.909+0000] {dag.py:4180} INFO - Setting next_dagrun for example_subdag_operator.section-2 to None, run_after=None
[2024-12-06T10:38:53.921+0000] {logging_mixin.py:190} INFO - [2024-12-06T10:38:53.921+0000] {dag.py:3239} INFO - Sync 2 DAGs
[2024-12-06T10:38:53.931+0000] {logging_mixin.py:190} INFO - [2024-12-06T10:38:53.931+0000] {dag.py:4180} INFO - Setting next_dagrun for example_subdag_operator.section-1 to None, run_after=None
[2024-12-06T10:38:53.932+0000] {logging_mixin.py:190} INFO - [2024-12-06T10:38:53.932+0000] {dag.py:4180} INFO - Setting next_dagrun for example_subdag_operator.section-2 to None, run_after=None
[2024-12-06T10:38:53.957+0000] {processor.py:208} INFO - Processing /home/airflow/.local/lib/python3.12/site-packages/airflow/example_dags/example_subdag_operator.py took 0.182 seconds
[2024-12-06T10:39:24.188+0000] {processor.py:186} INFO - Started process (PID=311) to work on /home/airflow/.local/lib/python3.12/site-packages/airflow/example_dags/example_subdag_operator.py
[2024-12-06T10:39:24.190+0000] {processor.py:914} INFO - Processing file /home/airflow/.local/lib/python3.12/site-packages/airflow/example_dags/example_subdag_operator.py for tasks to queue
[2024-12-06T10:39:24.194+0000] {logging_mixin.py:190} INFO - [2024-12-06T10:39:24.193+0000] {dagbag.py:588} INFO - Filling up the DagBag from /home/airflow/.local/lib/python3.12/site-packages/airflow/example_dags/example_subdag_operator.py
[2024-12-06T10:39:24.233+0000] {processor.py:925} INFO - DAG(s) 'example_subdag_operator.section-1', 'example_subdag_operator.section-2', 'example_subdag_operator' retrieved from /home/airflow/.local/lib/python3.12/site-packages/airflow/example_dags/example_subdag_operator.py
[2024-12-06T10:39:24.257+0000] {logging_mixin.py:190} INFO - [2024-12-06T10:39:24.256+0000] {dag.py:3239} INFO - Sync 3 DAGs
[2024-12-06T10:39:24.297+0000] {logging_mixin.py:190} INFO - [2024-12-06T10:39:24.296+0000] {dag.py:4180} INFO - Setting next_dagrun for example_subdag_operator to 2022-01-01 00:00:00+00:00, run_after=2022-01-01 00:00:00+00:00
[2024-12-06T10:39:24.303+0000] {logging_mixin.py:190} INFO - [2024-12-06T10:39:24.303+0000] {dag.py:4180} INFO - Setting next_dagrun for example_subdag_operator.section-1 to None, run_after=None
[2024-12-06T10:39:24.306+0000] {logging_mixin.py:190} INFO - [2024-12-06T10:39:24.306+0000] {dag.py:4180} INFO - Setting next_dagrun for example_subdag_operator.section-2 to None, run_after=None
[2024-12-06T10:39:24.318+0000] {logging_mixin.py:190} INFO - [2024-12-06T10:39:24.318+0000] {dag.py:3239} INFO - Sync 2 DAGs
[2024-12-06T10:39:24.328+0000] {logging_mixin.py:190} INFO - [2024-12-06T10:39:24.328+0000] {dag.py:4180} INFO - Setting next_dagrun for example_subdag_operator.section-1 to None, run_after=None
[2024-12-06T10:39:24.330+0000] {logging_mixin.py:190} INFO - [2024-12-06T10:39:24.329+0000] {dag.py:4180} INFO - Setting next_dagrun for example_subdag_operator.section-2 to None, run_after=None
[2024-12-06T10:39:24.351+0000] {processor.py:208} INFO - Processing /home/airflow/.local/lib/python3.12/site-packages/airflow/example_dags/example_subdag_operator.py took 0.172 seconds
[2024-12-06T10:39:55.011+0000] {processor.py:186} INFO - Started process (PID=375) to work on /home/airflow/.local/lib/python3.12/site-packages/airflow/example_dags/example_subdag_operator.py
[2024-12-06T10:39:55.013+0000] {processor.py:914} INFO - Processing file /home/airflow/.local/lib/python3.12/site-packages/airflow/example_dags/example_subdag_operator.py for tasks to queue
[2024-12-06T10:39:55.016+0000] {logging_mixin.py:190} INFO - [2024-12-06T10:39:55.016+0000] {dagbag.py:588} INFO - Filling up the DagBag from /home/airflow/.local/lib/python3.12/site-packages/airflow/example_dags/example_subdag_operator.py
[2024-12-06T10:39:55.054+0000] {processor.py:925} INFO - DAG(s) 'example_subdag_operator.section-1', 'example_subdag_operator.section-2', 'example_subdag_operator' retrieved from /home/airflow/.local/lib/python3.12/site-packages/airflow/example_dags/example_subdag_operator.py
[2024-12-06T10:39:55.078+0000] {logging_mixin.py:190} INFO - [2024-12-06T10:39:55.078+0000] {dag.py:3239} INFO - Sync 3 DAGs
[2024-12-06T10:39:55.112+0000] {logging_mixin.py:190} INFO - [2024-12-06T10:39:55.111+0000] {dag.py:4180} INFO - Setting next_dagrun for example_subdag_operator to 2022-01-01 00:00:00+00:00, run_after=2022-01-01 00:00:00+00:00
[2024-12-06T10:39:55.117+0000] {logging_mixin.py:190} INFO - [2024-12-06T10:39:55.117+0000] {dag.py:4180} INFO - Setting next_dagrun for example_subdag_operator.section-1 to None, run_after=None
[2024-12-06T10:39:55.119+0000] {logging_mixin.py:190} INFO - [2024-12-06T10:39:55.119+0000] {dag.py:4180} INFO - Setting next_dagrun for example_subdag_operator.section-2 to None, run_after=None
[2024-12-06T10:39:55.130+0000] {logging_mixin.py:190} INFO - [2024-12-06T10:39:55.130+0000] {dag.py:3239} INFO - Sync 2 DAGs
[2024-12-06T10:39:55.138+0000] {logging_mixin.py:190} INFO - [2024-12-06T10:39:55.138+0000] {dag.py:4180} INFO - Setting next_dagrun for example_subdag_operator.section-1 to None, run_after=None
[2024-12-06T10:39:55.139+0000] {logging_mixin.py:190} INFO - [2024-12-06T10:39:55.139+0000] {dag.py:4180} INFO - Setting next_dagrun for example_subdag_operator.section-2 to None, run_after=None
[2024-12-06T10:39:55.158+0000] {processor.py:208} INFO - Processing /home/airflow/.local/lib/python3.12/site-packages/airflow/example_dags/example_subdag_operator.py took 0.157 seconds
