[2024-12-06T10:37:41.040+0000] {processor.py:186} INFO - Started process (PID=79) to work on /home/airflow/.local/lib/python3.12/site-packages/airflow/example_dags/example_branch_python_dop_operator_3.py
[2024-12-06T10:37:41.042+0000] {processor.py:914} INFO - Processing file /home/airflow/.local/lib/python3.12/site-packages/airflow/example_dags/example_branch_python_dop_operator_3.py for tasks to queue
[2024-12-06T10:37:41.045+0000] {logging_mixin.py:190} INFO - [2024-12-06T10:37:41.045+0000] {dagbag.py:588} INFO - Filling up the DagBag from /home/airflow/.local/lib/python3.12/site-packages/airflow/example_dags/example_branch_python_dop_operator_3.py
[2024-12-06T10:37:41.064+0000] {processor.py:925} INFO - DAG(s) 'example_branch_dop_operator_v3' retrieved from /home/airflow/.local/lib/python3.12/site-packages/airflow/example_dags/example_branch_python_dop_operator_3.py
[2024-12-06T10:37:41.093+0000] {logging_mixin.py:190} INFO - [2024-12-06T10:37:41.093+0000] {dag.py:3239} INFO - Sync 1 DAGs
[2024-12-06T10:37:41.138+0000] {logging_mixin.py:190} INFO - [2024-12-06T10:37:41.137+0000] {dag.py:4180} INFO - Setting next_dagrun for example_branch_dop_operator_v3 to 2024-12-06 10:36:00+00:00, run_after=2024-12-06 10:37:00+00:00
[2024-12-06T10:37:41.169+0000] {processor.py:208} INFO - Processing /home/airflow/.local/lib/python3.12/site-packages/airflow/example_dags/example_branch_python_dop_operator_3.py took 0.138 seconds
[2024-12-06T10:38:11.378+0000] {processor.py:186} INFO - Started process (PID=141) to work on /home/airflow/.local/lib/python3.12/site-packages/airflow/example_dags/example_branch_python_dop_operator_3.py
[2024-12-06T10:38:11.380+0000] {processor.py:914} INFO - Processing file /home/airflow/.local/lib/python3.12/site-packages/airflow/example_dags/example_branch_python_dop_operator_3.py for tasks to queue
[2024-12-06T10:38:11.384+0000] {logging_mixin.py:190} INFO - [2024-12-06T10:38:11.383+0000] {dagbag.py:588} INFO - Filling up the DagBag from /home/airflow/.local/lib/python3.12/site-packages/airflow/example_dags/example_branch_python_dop_operator_3.py
[2024-12-06T10:38:11.400+0000] {processor.py:925} INFO - DAG(s) 'example_branch_dop_operator_v3' retrieved from /home/airflow/.local/lib/python3.12/site-packages/airflow/example_dags/example_branch_python_dop_operator_3.py
[2024-12-06T10:38:11.426+0000] {logging_mixin.py:190} INFO - [2024-12-06T10:38:11.426+0000] {dag.py:3239} INFO - Sync 1 DAGs
[2024-12-06T10:38:11.460+0000] {logging_mixin.py:190} INFO - [2024-12-06T10:38:11.460+0000] {dag.py:4180} INFO - Setting next_dagrun for example_branch_dop_operator_v3 to 2024-12-06 10:37:00+00:00, run_after=2024-12-06 10:38:00+00:00
[2024-12-06T10:38:11.486+0000] {processor.py:208} INFO - Processing /home/airflow/.local/lib/python3.12/site-packages/airflow/example_dags/example_branch_python_dop_operator_3.py took 0.115 seconds
[2024-12-06T10:38:41.789+0000] {processor.py:186} INFO - Started process (PID=204) to work on /home/airflow/.local/lib/python3.12/site-packages/airflow/example_dags/example_branch_python_dop_operator_3.py
[2024-12-06T10:38:41.791+0000] {processor.py:914} INFO - Processing file /home/airflow/.local/lib/python3.12/site-packages/airflow/example_dags/example_branch_python_dop_operator_3.py for tasks to queue
[2024-12-06T10:38:41.794+0000] {logging_mixin.py:190} INFO - [2024-12-06T10:38:41.794+0000] {dagbag.py:588} INFO - Filling up the DagBag from /home/airflow/.local/lib/python3.12/site-packages/airflow/example_dags/example_branch_python_dop_operator_3.py
[2024-12-06T10:38:41.809+0000] {processor.py:925} INFO - DAG(s) 'example_branch_dop_operator_v3' retrieved from /home/airflow/.local/lib/python3.12/site-packages/airflow/example_dags/example_branch_python_dop_operator_3.py
[2024-12-06T10:38:41.839+0000] {logging_mixin.py:190} INFO - [2024-12-06T10:38:41.839+0000] {dag.py:3239} INFO - Sync 1 DAGs
[2024-12-06T10:38:41.875+0000] {logging_mixin.py:190} INFO - [2024-12-06T10:38:41.875+0000] {dag.py:4180} INFO - Setting next_dagrun for example_branch_dop_operator_v3 to 2024-12-06 10:37:00+00:00, run_after=2024-12-06 10:38:00+00:00
[2024-12-06T10:38:41.904+0000] {processor.py:208} INFO - Processing /home/airflow/.local/lib/python3.12/site-packages/airflow/example_dags/example_branch_python_dop_operator_3.py took 0.126 seconds
[2024-12-06T10:39:12.174+0000] {processor.py:186} INFO - Started process (PID=267) to work on /home/airflow/.local/lib/python3.12/site-packages/airflow/example_dags/example_branch_python_dop_operator_3.py
[2024-12-06T10:39:12.176+0000] {processor.py:914} INFO - Processing file /home/airflow/.local/lib/python3.12/site-packages/airflow/example_dags/example_branch_python_dop_operator_3.py for tasks to queue
[2024-12-06T10:39:12.180+0000] {logging_mixin.py:190} INFO - [2024-12-06T10:39:12.179+0000] {dagbag.py:588} INFO - Filling up the DagBag from /home/airflow/.local/lib/python3.12/site-packages/airflow/example_dags/example_branch_python_dop_operator_3.py
[2024-12-06T10:39:12.196+0000] {processor.py:925} INFO - DAG(s) 'example_branch_dop_operator_v3' retrieved from /home/airflow/.local/lib/python3.12/site-packages/airflow/example_dags/example_branch_python_dop_operator_3.py
[2024-12-06T10:39:12.226+0000] {logging_mixin.py:190} INFO - [2024-12-06T10:39:12.226+0000] {dag.py:3239} INFO - Sync 1 DAGs
[2024-12-06T10:39:12.265+0000] {logging_mixin.py:190} INFO - [2024-12-06T10:39:12.264+0000] {dag.py:4180} INFO - Setting next_dagrun for example_branch_dop_operator_v3 to 2024-12-06 10:38:00+00:00, run_after=2024-12-06 10:39:00+00:00
[2024-12-06T10:39:12.293+0000] {processor.py:208} INFO - Processing /home/airflow/.local/lib/python3.12/site-packages/airflow/example_dags/example_branch_python_dop_operator_3.py took 0.129 seconds
[2024-12-06T10:39:42.973+0000] {processor.py:186} INFO - Started process (PID=332) to work on /home/airflow/.local/lib/python3.12/site-packages/airflow/example_dags/example_branch_python_dop_operator_3.py
[2024-12-06T10:39:42.975+0000] {processor.py:914} INFO - Processing file /home/airflow/.local/lib/python3.12/site-packages/airflow/example_dags/example_branch_python_dop_operator_3.py for tasks to queue
[2024-12-06T10:39:42.978+0000] {logging_mixin.py:190} INFO - [2024-12-06T10:39:42.978+0000] {dagbag.py:588} INFO - Filling up the DagBag from /home/airflow/.local/lib/python3.12/site-packages/airflow/example_dags/example_branch_python_dop_operator_3.py
[2024-12-06T10:39:42.993+0000] {processor.py:925} INFO - DAG(s) 'example_branch_dop_operator_v3' retrieved from /home/airflow/.local/lib/python3.12/site-packages/airflow/example_dags/example_branch_python_dop_operator_3.py
[2024-12-06T10:39:43.025+0000] {logging_mixin.py:190} INFO - [2024-12-06T10:39:43.025+0000] {dag.py:3239} INFO - Sync 1 DAGs
[2024-12-06T10:39:43.065+0000] {logging_mixin.py:190} INFO - [2024-12-06T10:39:43.065+0000] {dag.py:4180} INFO - Setting next_dagrun for example_branch_dop_operator_v3 to 2024-12-06 10:38:00+00:00, run_after=2024-12-06 10:39:00+00:00
[2024-12-06T10:39:43.105+0000] {processor.py:208} INFO - Processing /home/airflow/.local/lib/python3.12/site-packages/airflow/example_dags/example_branch_python_dop_operator_3.py took 0.141 seconds
