[2024-12-06T10:37:41.217+0000] {processor.py:186} INFO - Started process (PID=80) to work on /home/airflow/.local/lib/python3.12/site-packages/airflow/example_dags/example_outlet_event_extra.py
[2024-12-06T10:37:41.219+0000] {processor.py:914} INFO - Processing file /home/airflow/.local/lib/python3.12/site-packages/airflow/example_dags/example_outlet_event_extra.py for tasks to queue
[2024-12-06T10:37:41.224+0000] {logging_mixin.py:190} INFO - [2024-12-06T10:37:41.223+0000] {dagbag.py:588} INFO - Filling up the DagBag from /home/airflow/.local/lib/python3.12/site-packages/airflow/example_dags/example_outlet_event_extra.py
[2024-12-06T10:37:43.981+0000] {processor.py:925} INFO - DAG(s) 'dataset_with_extra_from_classic_operator', 'dataset_with_extra_by_yield', 'dataset_with_extra_by_context' retrieved from /home/airflow/.local/lib/python3.12/site-packages/airflow/example_dags/example_outlet_event_extra.py
[2024-12-06T10:37:44.025+0000] {logging_mixin.py:190} INFO - [2024-12-06T10:37:44.025+0000] {dag.py:3239} INFO - Sync 3 DAGs
[2024-12-06T10:37:44.068+0000] {logging_mixin.py:190} INFO - [2024-12-06T10:37:44.068+0000] {dag.py:4180} INFO - Setting next_dagrun for dataset_with_extra_by_context to 2024-12-05 00:00:00+00:00, run_after=2024-12-06 00:00:00+00:00
[2024-12-06T10:37:44.075+0000] {logging_mixin.py:190} INFO - [2024-12-06T10:37:44.075+0000] {dag.py:4180} INFO - Setting next_dagrun for dataset_with_extra_by_yield to 2024-12-05 00:00:00+00:00, run_after=2024-12-06 00:00:00+00:00
[2024-12-06T10:37:44.079+0000] {logging_mixin.py:190} INFO - [2024-12-06T10:37:44.079+0000] {dag.py:4180} INFO - Setting next_dagrun for dataset_with_extra_from_classic_operator to 2024-12-05 00:00:00+00:00, run_after=2024-12-06 00:00:00+00:00
[2024-12-06T10:37:44.121+0000] {processor.py:208} INFO - Processing /home/airflow/.local/lib/python3.12/site-packages/airflow/example_dags/example_outlet_event_extra.py took 2.912 seconds
[2024-12-06T10:38:14.298+0000] {processor.py:186} INFO - Started process (PID=154) to work on /home/airflow/.local/lib/python3.12/site-packages/airflow/example_dags/example_outlet_event_extra.py
[2024-12-06T10:38:14.300+0000] {processor.py:914} INFO - Processing file /home/airflow/.local/lib/python3.12/site-packages/airflow/example_dags/example_outlet_event_extra.py for tasks to queue
[2024-12-06T10:38:14.304+0000] {logging_mixin.py:190} INFO - [2024-12-06T10:38:14.304+0000] {dagbag.py:588} INFO - Filling up the DagBag from /home/airflow/.local/lib/python3.12/site-packages/airflow/example_dags/example_outlet_event_extra.py
[2024-12-06T10:38:15.075+0000] {processor.py:925} INFO - DAG(s) 'dataset_with_extra_from_classic_operator', 'dataset_with_extra_by_context', 'dataset_with_extra_by_yield' retrieved from /home/airflow/.local/lib/python3.12/site-packages/airflow/example_dags/example_outlet_event_extra.py
[2024-12-06T10:38:15.111+0000] {logging_mixin.py:190} INFO - [2024-12-06T10:38:15.110+0000] {dag.py:3239} INFO - Sync 3 DAGs
[2024-12-06T10:38:15.147+0000] {logging_mixin.py:190} INFO - [2024-12-06T10:38:15.147+0000] {dag.py:4180} INFO - Setting next_dagrun for dataset_with_extra_by_context to 2024-12-05 00:00:00+00:00, run_after=2024-12-06 00:00:00+00:00
[2024-12-06T10:38:15.155+0000] {logging_mixin.py:190} INFO - [2024-12-06T10:38:15.155+0000] {dag.py:4180} INFO - Setting next_dagrun for dataset_with_extra_by_yield to 2024-12-05 00:00:00+00:00, run_after=2024-12-06 00:00:00+00:00
[2024-12-06T10:38:15.162+0000] {logging_mixin.py:190} INFO - [2024-12-06T10:38:15.162+0000] {dag.py:4180} INFO - Setting next_dagrun for dataset_with_extra_from_classic_operator to 2024-12-05 00:00:00+00:00, run_after=2024-12-06 00:00:00+00:00
[2024-12-06T10:38:15.210+0000] {processor.py:208} INFO - Processing /home/airflow/.local/lib/python3.12/site-packages/airflow/example_dags/example_outlet_event_extra.py took 0.922 seconds
[2024-12-06T10:38:45.458+0000] {processor.py:186} INFO - Started process (PID=221) to work on /home/airflow/.local/lib/python3.12/site-packages/airflow/example_dags/example_outlet_event_extra.py
[2024-12-06T10:38:45.459+0000] {processor.py:914} INFO - Processing file /home/airflow/.local/lib/python3.12/site-packages/airflow/example_dags/example_outlet_event_extra.py for tasks to queue
[2024-12-06T10:38:45.464+0000] {logging_mixin.py:190} INFO - [2024-12-06T10:38:45.463+0000] {dagbag.py:588} INFO - Filling up the DagBag from /home/airflow/.local/lib/python3.12/site-packages/airflow/example_dags/example_outlet_event_extra.py
[2024-12-06T10:38:46.371+0000] {processor.py:925} INFO - DAG(s) 'dataset_with_extra_by_context', 'dataset_with_extra_by_yield', 'dataset_with_extra_from_classic_operator' retrieved from /home/airflow/.local/lib/python3.12/site-packages/airflow/example_dags/example_outlet_event_extra.py
[2024-12-06T10:38:46.407+0000] {logging_mixin.py:190} INFO - [2024-12-06T10:38:46.407+0000] {dag.py:3239} INFO - Sync 3 DAGs
[2024-12-06T10:38:46.440+0000] {logging_mixin.py:190} INFO - [2024-12-06T10:38:46.440+0000] {dag.py:4180} INFO - Setting next_dagrun for dataset_with_extra_by_context to 2024-12-05 00:00:00+00:00, run_after=2024-12-06 00:00:00+00:00
[2024-12-06T10:38:46.448+0000] {logging_mixin.py:190} INFO - [2024-12-06T10:38:46.448+0000] {dag.py:4180} INFO - Setting next_dagrun for dataset_with_extra_by_yield to 2024-12-05 00:00:00+00:00, run_after=2024-12-06 00:00:00+00:00
[2024-12-06T10:38:46.453+0000] {logging_mixin.py:190} INFO - [2024-12-06T10:38:46.453+0000] {dag.py:4180} INFO - Setting next_dagrun for dataset_with_extra_from_classic_operator to 2024-12-05 00:00:00+00:00, run_after=2024-12-06 00:00:00+00:00
[2024-12-06T10:38:46.488+0000] {processor.py:208} INFO - Processing /home/airflow/.local/lib/python3.12/site-packages/airflow/example_dags/example_outlet_event_extra.py took 1.040 seconds
[2024-12-06T10:39:17.237+0000] {processor.py:186} INFO - Started process (PID=287) to work on /home/airflow/.local/lib/python3.12/site-packages/airflow/example_dags/example_outlet_event_extra.py
[2024-12-06T10:39:17.239+0000] {processor.py:914} INFO - Processing file /home/airflow/.local/lib/python3.12/site-packages/airflow/example_dags/example_outlet_event_extra.py for tasks to queue
[2024-12-06T10:39:17.243+0000] {logging_mixin.py:190} INFO - [2024-12-06T10:39:17.243+0000] {dagbag.py:588} INFO - Filling up the DagBag from /home/airflow/.local/lib/python3.12/site-packages/airflow/example_dags/example_outlet_event_extra.py
[2024-12-06T10:39:17.998+0000] {processor.py:925} INFO - DAG(s) 'dataset_with_extra_by_context', 'dataset_with_extra_from_classic_operator', 'dataset_with_extra_by_yield' retrieved from /home/airflow/.local/lib/python3.12/site-packages/airflow/example_dags/example_outlet_event_extra.py
[2024-12-06T10:39:18.033+0000] {logging_mixin.py:190} INFO - [2024-12-06T10:39:18.033+0000] {dag.py:3239} INFO - Sync 3 DAGs
[2024-12-06T10:39:18.081+0000] {logging_mixin.py:190} INFO - [2024-12-06T10:39:18.080+0000] {dag.py:4180} INFO - Setting next_dagrun for dataset_with_extra_by_context to 2024-12-05 00:00:00+00:00, run_after=2024-12-06 00:00:00+00:00
[2024-12-06T10:39:18.092+0000] {logging_mixin.py:190} INFO - [2024-12-06T10:39:18.091+0000] {dag.py:4180} INFO - Setting next_dagrun for dataset_with_extra_by_yield to 2024-12-05 00:00:00+00:00, run_after=2024-12-06 00:00:00+00:00
[2024-12-06T10:39:18.098+0000] {logging_mixin.py:190} INFO - [2024-12-06T10:39:18.098+0000] {dag.py:4180} INFO - Setting next_dagrun for dataset_with_extra_from_classic_operator to 2024-12-05 00:00:00+00:00, run_after=2024-12-06 00:00:00+00:00
[2024-12-06T10:39:18.143+0000] {processor.py:208} INFO - Processing /home/airflow/.local/lib/python3.12/site-packages/airflow/example_dags/example_outlet_event_extra.py took 0.928 seconds
[2024-12-06T10:39:48.822+0000] {processor.py:186} INFO - Started process (PID=351) to work on /home/airflow/.local/lib/python3.12/site-packages/airflow/example_dags/example_outlet_event_extra.py
[2024-12-06T10:39:48.824+0000] {processor.py:914} INFO - Processing file /home/airflow/.local/lib/python3.12/site-packages/airflow/example_dags/example_outlet_event_extra.py for tasks to queue
[2024-12-06T10:39:48.828+0000] {logging_mixin.py:190} INFO - [2024-12-06T10:39:48.828+0000] {dagbag.py:588} INFO - Filling up the DagBag from /home/airflow/.local/lib/python3.12/site-packages/airflow/example_dags/example_outlet_event_extra.py
[2024-12-06T10:39:49.756+0000] {processor.py:925} INFO - DAG(s) 'dataset_with_extra_from_classic_operator', 'dataset_with_extra_by_context', 'dataset_with_extra_by_yield' retrieved from /home/airflow/.local/lib/python3.12/site-packages/airflow/example_dags/example_outlet_event_extra.py
[2024-12-06T10:39:49.810+0000] {logging_mixin.py:190} INFO - [2024-12-06T10:39:49.810+0000] {dag.py:3239} INFO - Sync 3 DAGs
[2024-12-06T10:39:49.877+0000] {logging_mixin.py:190} INFO - [2024-12-06T10:39:49.876+0000] {dag.py:4180} INFO - Setting next_dagrun for dataset_with_extra_by_context to 2024-12-05 00:00:00+00:00, run_after=2024-12-06 00:00:00+00:00
[2024-12-06T10:39:49.887+0000] {logging_mixin.py:190} INFO - [2024-12-06T10:39:49.886+0000] {dag.py:4180} INFO - Setting next_dagrun for dataset_with_extra_by_yield to 2024-12-05 00:00:00+00:00, run_after=2024-12-06 00:00:00+00:00
[2024-12-06T10:39:49.893+0000] {logging_mixin.py:190} INFO - [2024-12-06T10:39:49.893+0000] {dag.py:4180} INFO - Setting next_dagrun for dataset_with_extra_from_classic_operator to 2024-12-05 00:00:00+00:00, run_after=2024-12-06 00:00:00+00:00
[2024-12-06T10:39:49.930+0000] {processor.py:208} INFO - Processing /home/airflow/.local/lib/python3.12/site-packages/airflow/example_dags/example_outlet_event_extra.py took 1.118 seconds
