[2024-12-06T10:37:44.424+0000] {processor.py:186} INFO - Started process (PID=95) to work on /home/airflow/.local/lib/python3.12/site-packages/airflow/example_dags/example_latest_only.py
[2024-12-06T10:37:44.426+0000] {processor.py:914} INFO - Processing file /home/airflow/.local/lib/python3.12/site-packages/airflow/example_dags/example_latest_only.py for tasks to queue
[2024-12-06T10:37:44.430+0000] {logging_mixin.py:190} INFO - [2024-12-06T10:37:44.430+0000] {dagbag.py:588} INFO - Filling up the DagBag from /home/airflow/.local/lib/python3.12/site-packages/airflow/example_dags/example_latest_only.py
[2024-12-06T10:37:44.445+0000] {processor.py:925} INFO - DAG(s) 'latest_only' retrieved from /home/airflow/.local/lib/python3.12/site-packages/airflow/example_dags/example_latest_only.py
[2024-12-06T10:37:44.481+0000] {logging_mixin.py:190} INFO - [2024-12-06T10:37:44.481+0000] {dag.py:3239} INFO - Sync 1 DAGs
[2024-12-06T10:37:44.525+0000] {logging_mixin.py:190} INFO - [2024-12-06T10:37:44.524+0000] {dag.py:4180} INFO - Setting next_dagrun for latest_only to 2024-12-06 04:00:00+00:00, run_after=2024-12-06 08:00:00+00:00
[2024-12-06T10:37:44.566+0000] {processor.py:208} INFO - Processing /home/airflow/.local/lib/python3.12/site-packages/airflow/example_dags/example_latest_only.py took 0.157 seconds
[2024-12-06T10:38:14.738+0000] {processor.py:186} INFO - Started process (PID=158) to work on /home/airflow/.local/lib/python3.12/site-packages/airflow/example_dags/example_latest_only.py
[2024-12-06T10:38:14.740+0000] {processor.py:914} INFO - Processing file /home/airflow/.local/lib/python3.12/site-packages/airflow/example_dags/example_latest_only.py for tasks to queue
[2024-12-06T10:38:14.743+0000] {logging_mixin.py:190} INFO - [2024-12-06T10:38:14.743+0000] {dagbag.py:588} INFO - Filling up the DagBag from /home/airflow/.local/lib/python3.12/site-packages/airflow/example_dags/example_latest_only.py
[2024-12-06T10:38:14.752+0000] {processor.py:925} INFO - DAG(s) 'latest_only' retrieved from /home/airflow/.local/lib/python3.12/site-packages/airflow/example_dags/example_latest_only.py
[2024-12-06T10:38:14.778+0000] {logging_mixin.py:190} INFO - [2024-12-06T10:38:14.778+0000] {dag.py:3239} INFO - Sync 1 DAGs
[2024-12-06T10:38:14.809+0000] {logging_mixin.py:190} INFO - [2024-12-06T10:38:14.809+0000] {dag.py:4180} INFO - Setting next_dagrun for latest_only to 2024-12-06 04:00:00+00:00, run_after=2024-12-06 08:00:00+00:00
[2024-12-06T10:38:14.847+0000] {processor.py:208} INFO - Processing /home/airflow/.local/lib/python3.12/site-packages/airflow/example_dags/example_latest_only.py took 0.116 seconds
[2024-12-06T10:38:45.355+0000] {processor.py:186} INFO - Started process (PID=220) to work on /home/airflow/.local/lib/python3.12/site-packages/airflow/example_dags/example_latest_only.py
[2024-12-06T10:38:45.357+0000] {processor.py:914} INFO - Processing file /home/airflow/.local/lib/python3.12/site-packages/airflow/example_dags/example_latest_only.py for tasks to queue
[2024-12-06T10:38:45.361+0000] {logging_mixin.py:190} INFO - [2024-12-06T10:38:45.360+0000] {dagbag.py:588} INFO - Filling up the DagBag from /home/airflow/.local/lib/python3.12/site-packages/airflow/example_dags/example_latest_only.py
[2024-12-06T10:38:45.372+0000] {processor.py:925} INFO - DAG(s) 'latest_only' retrieved from /home/airflow/.local/lib/python3.12/site-packages/airflow/example_dags/example_latest_only.py
[2024-12-06T10:38:45.405+0000] {logging_mixin.py:190} INFO - [2024-12-06T10:38:45.405+0000] {dag.py:3239} INFO - Sync 1 DAGs
[2024-12-06T10:38:45.444+0000] {logging_mixin.py:190} INFO - [2024-12-06T10:38:45.443+0000] {dag.py:4180} INFO - Setting next_dagrun for latest_only to 2024-12-06 04:00:00+00:00, run_after=2024-12-06 08:00:00+00:00
[2024-12-06T10:38:45.480+0000] {processor.py:208} INFO - Processing /home/airflow/.local/lib/python3.12/site-packages/airflow/example_dags/example_latest_only.py took 0.135 seconds
[2024-12-06T10:39:15.691+0000] {processor.py:186} INFO - Started process (PID=283) to work on /home/airflow/.local/lib/python3.12/site-packages/airflow/example_dags/example_latest_only.py
[2024-12-06T10:39:15.692+0000] {processor.py:914} INFO - Processing file /home/airflow/.local/lib/python3.12/site-packages/airflow/example_dags/example_latest_only.py for tasks to queue
[2024-12-06T10:39:15.696+0000] {logging_mixin.py:190} INFO - [2024-12-06T10:39:15.695+0000] {dagbag.py:588} INFO - Filling up the DagBag from /home/airflow/.local/lib/python3.12/site-packages/airflow/example_dags/example_latest_only.py
[2024-12-06T10:39:15.705+0000] {processor.py:925} INFO - DAG(s) 'latest_only' retrieved from /home/airflow/.local/lib/python3.12/site-packages/airflow/example_dags/example_latest_only.py
[2024-12-06T10:39:15.731+0000] {logging_mixin.py:190} INFO - [2024-12-06T10:39:15.731+0000] {dag.py:3239} INFO - Sync 1 DAGs
[2024-12-06T10:39:15.763+0000] {logging_mixin.py:190} INFO - [2024-12-06T10:39:15.763+0000] {dag.py:4180} INFO - Setting next_dagrun for latest_only to 2024-12-06 04:00:00+00:00, run_after=2024-12-06 08:00:00+00:00
[2024-12-06T10:39:15.802+0000] {processor.py:208} INFO - Processing /home/airflow/.local/lib/python3.12/site-packages/airflow/example_dags/example_latest_only.py took 0.121 seconds
[2024-12-06T10:39:46.594+0000] {processor.py:186} INFO - Started process (PID=347) to work on /home/airflow/.local/lib/python3.12/site-packages/airflow/example_dags/example_latest_only.py
[2024-12-06T10:39:46.596+0000] {processor.py:914} INFO - Processing file /home/airflow/.local/lib/python3.12/site-packages/airflow/example_dags/example_latest_only.py for tasks to queue
[2024-12-06T10:39:46.600+0000] {logging_mixin.py:190} INFO - [2024-12-06T10:39:46.599+0000] {dagbag.py:588} INFO - Filling up the DagBag from /home/airflow/.local/lib/python3.12/site-packages/airflow/example_dags/example_latest_only.py
[2024-12-06T10:39:46.611+0000] {processor.py:925} INFO - DAG(s) 'latest_only' retrieved from /home/airflow/.local/lib/python3.12/site-packages/airflow/example_dags/example_latest_only.py
[2024-12-06T10:39:46.638+0000] {logging_mixin.py:190} INFO - [2024-12-06T10:39:46.638+0000] {dag.py:3239} INFO - Sync 1 DAGs
[2024-12-06T10:39:46.672+0000] {logging_mixin.py:190} INFO - [2024-12-06T10:39:46.672+0000] {dag.py:4180} INFO - Setting next_dagrun for latest_only to 2024-12-06 04:00:00+00:00, run_after=2024-12-06 08:00:00+00:00
[2024-12-06T10:39:46.701+0000] {processor.py:208} INFO - Processing /home/airflow/.local/lib/python3.12/site-packages/airflow/example_dags/example_latest_only.py took 0.116 seconds
