[2024-12-06T10:37:51.380+0000] {processor.py:186} INFO - Started process (PID=120) to work on /home/airflow/.local/lib/python3.12/site-packages/airflow/example_dags/tutorial.py
[2024-12-06T10:37:51.383+0000] {processor.py:914} INFO - Processing file /home/airflow/.local/lib/python3.12/site-packages/airflow/example_dags/tutorial.py for tasks to queue
[2024-12-06T10:37:51.388+0000] {logging_mixin.py:190} INFO - [2024-12-06T10:37:51.388+0000] {dagbag.py:588} INFO - Filling up the DagBag from /home/airflow/.local/lib/python3.12/site-packages/airflow/example_dags/tutorial.py
[2024-12-06T10:37:51.401+0000] {processor.py:925} INFO - DAG(s) 'tutorial' retrieved from /home/airflow/.local/lib/python3.12/site-packages/airflow/example_dags/tutorial.py
[2024-12-06T10:37:51.438+0000] {logging_mixin.py:190} INFO - [2024-12-06T10:37:51.437+0000] {dag.py:3239} INFO - Sync 1 DAGs
[2024-12-06T10:37:51.475+0000] {logging_mixin.py:190} INFO - [2024-12-06T10:37:51.475+0000] {dag.py:4180} INFO - Setting next_dagrun for tutorial to 2024-12-05 00:00:00+00:00, run_after=2024-12-06 00:00:00+00:00
[2024-12-06T10:37:51.522+0000] {processor.py:208} INFO - Processing /home/airflow/.local/lib/python3.12/site-packages/airflow/example_dags/tutorial.py took 0.152 seconds
[2024-12-06T10:38:22.379+0000] {processor.py:186} INFO - Started process (PID=183) to work on /home/airflow/.local/lib/python3.12/site-packages/airflow/example_dags/tutorial.py
[2024-12-06T10:38:22.380+0000] {processor.py:914} INFO - Processing file /home/airflow/.local/lib/python3.12/site-packages/airflow/example_dags/tutorial.py for tasks to queue
[2024-12-06T10:38:22.384+0000] {logging_mixin.py:190} INFO - [2024-12-06T10:38:22.384+0000] {dagbag.py:588} INFO - Filling up the DagBag from /home/airflow/.local/lib/python3.12/site-packages/airflow/example_dags/tutorial.py
[2024-12-06T10:38:22.402+0000] {processor.py:925} INFO - DAG(s) 'tutorial' retrieved from /home/airflow/.local/lib/python3.12/site-packages/airflow/example_dags/tutorial.py
[2024-12-06T10:38:22.434+0000] {logging_mixin.py:190} INFO - [2024-12-06T10:38:22.434+0000] {dag.py:3239} INFO - Sync 1 DAGs
[2024-12-06T10:38:22.471+0000] {logging_mixin.py:190} INFO - [2024-12-06T10:38:22.471+0000] {dag.py:4180} INFO - Setting next_dagrun for tutorial to 2024-12-05 00:00:00+00:00, run_after=2024-12-06 00:00:00+00:00
[2024-12-06T10:38:22.511+0000] {processor.py:208} INFO - Processing /home/airflow/.local/lib/python3.12/site-packages/airflow/example_dags/tutorial.py took 0.142 seconds
[2024-12-06T10:38:53.593+0000] {processor.py:186} INFO - Started process (PID=246) to work on /home/airflow/.local/lib/python3.12/site-packages/airflow/example_dags/tutorial.py
[2024-12-06T10:38:53.595+0000] {processor.py:914} INFO - Processing file /home/airflow/.local/lib/python3.12/site-packages/airflow/example_dags/tutorial.py for tasks to queue
[2024-12-06T10:38:53.600+0000] {logging_mixin.py:190} INFO - [2024-12-06T10:38:53.599+0000] {dagbag.py:588} INFO - Filling up the DagBag from /home/airflow/.local/lib/python3.12/site-packages/airflow/example_dags/tutorial.py
[2024-12-06T10:38:53.614+0000] {processor.py:925} INFO - DAG(s) 'tutorial' retrieved from /home/airflow/.local/lib/python3.12/site-packages/airflow/example_dags/tutorial.py
[2024-12-06T10:38:53.651+0000] {logging_mixin.py:190} INFO - [2024-12-06T10:38:53.651+0000] {dag.py:3239} INFO - Sync 1 DAGs
[2024-12-06T10:38:53.694+0000] {logging_mixin.py:190} INFO - [2024-12-06T10:38:53.694+0000] {dag.py:4180} INFO - Setting next_dagrun for tutorial to 2024-12-05 00:00:00+00:00, run_after=2024-12-06 00:00:00+00:00
[2024-12-06T10:38:53.727+0000] {processor.py:208} INFO - Processing /home/airflow/.local/lib/python3.12/site-packages/airflow/example_dags/tutorial.py took 0.144 seconds
[2024-12-06T10:39:23.886+0000] {processor.py:186} INFO - Started process (PID=309) to work on /home/airflow/.local/lib/python3.12/site-packages/airflow/example_dags/tutorial.py
[2024-12-06T10:39:23.888+0000] {processor.py:914} INFO - Processing file /home/airflow/.local/lib/python3.12/site-packages/airflow/example_dags/tutorial.py for tasks to queue
[2024-12-06T10:39:23.891+0000] {logging_mixin.py:190} INFO - [2024-12-06T10:39:23.891+0000] {dagbag.py:588} INFO - Filling up the DagBag from /home/airflow/.local/lib/python3.12/site-packages/airflow/example_dags/tutorial.py
[2024-12-06T10:39:23.901+0000] {processor.py:925} INFO - DAG(s) 'tutorial' retrieved from /home/airflow/.local/lib/python3.12/site-packages/airflow/example_dags/tutorial.py
[2024-12-06T10:39:23.927+0000] {logging_mixin.py:190} INFO - [2024-12-06T10:39:23.926+0000] {dag.py:3239} INFO - Sync 1 DAGs
[2024-12-06T10:39:23.956+0000] {logging_mixin.py:190} INFO - [2024-12-06T10:39:23.956+0000] {dag.py:4180} INFO - Setting next_dagrun for tutorial to 2024-12-05 00:00:00+00:00, run_after=2024-12-06 00:00:00+00:00
[2024-12-06T10:39:23.992+0000] {processor.py:208} INFO - Processing /home/airflow/.local/lib/python3.12/site-packages/airflow/example_dags/tutorial.py took 0.115 seconds
[2024-12-06T10:39:54.740+0000] {processor.py:186} INFO - Started process (PID=372) to work on /home/airflow/.local/lib/python3.12/site-packages/airflow/example_dags/tutorial.py
[2024-12-06T10:39:54.742+0000] {processor.py:914} INFO - Processing file /home/airflow/.local/lib/python3.12/site-packages/airflow/example_dags/tutorial.py for tasks to queue
[2024-12-06T10:39:54.745+0000] {logging_mixin.py:190} INFO - [2024-12-06T10:39:54.745+0000] {dagbag.py:588} INFO - Filling up the DagBag from /home/airflow/.local/lib/python3.12/site-packages/airflow/example_dags/tutorial.py
[2024-12-06T10:39:54.756+0000] {processor.py:925} INFO - DAG(s) 'tutorial' retrieved from /home/airflow/.local/lib/python3.12/site-packages/airflow/example_dags/tutorial.py
[2024-12-06T10:39:54.783+0000] {logging_mixin.py:190} INFO - [2024-12-06T10:39:54.783+0000] {dag.py:3239} INFO - Sync 1 DAGs
[2024-12-06T10:39:54.817+0000] {logging_mixin.py:190} INFO - [2024-12-06T10:39:54.816+0000] {dag.py:4180} INFO - Setting next_dagrun for tutorial to 2024-12-05 00:00:00+00:00, run_after=2024-12-06 00:00:00+00:00
[2024-12-06T10:39:54.850+0000] {processor.py:208} INFO - Processing /home/airflow/.local/lib/python3.12/site-packages/airflow/example_dags/tutorial.py took 0.118 seconds
